Job -10.0000V exists, skipping current job
Job -6.9231V exists, skipping current job
Job -9.4872V exists, skipping current job
Job -6.4103V exists, skipping current job
Job -8.4615V exists, skipping current job
Job -5.3846V exists, skipping current job
Job -8.9744V exists, skipping current job
Job -5.8974V exists, skipping current job
Job -7.4359V exists, skipping current job
Job -4.3590V exists, skipping current job
Job -7.9487V exists, skipping current job
Job -4.8718V exists, skipping current job
/home/zhenyuwei/simulation_data/22-07-coulombic-blockade/code/pnp_solver/out/voltage-range/r0-20.0000A-l0-250.0000A-w0-100.0000A/-10.0000V/job.json
None
/home/zhenyuwei/simulation_data/22-07-coulombic-blockade/code/pnp_solver/out/voltage-range/r0-20.0000A-l0-250.0000A-w0-100.0000A/-9.4872V/job.json
None
/home/zhenyuwei/simulation_data/22-07-coulombic-blockade/code/pnp_solver/out/voltage-range/r0-20.0000A-l0-250.0000A-w0-100.0000A/-8.9744V/job.json
None
/home/zhenyuwei/simulation_data/22-07-coulombic-blockade/code/pnp_solver/out/voltage-range/r0-20.0000A-l0-250.0000A-w0-100.0000A/-8.4615V/job.json
None
/home/zhenyuwei/simulation_data/22-07-coulombic-blockade/code/pnp_solver/out/voltage-range/r0-20.0000A-l0-250.0000A-w0-100.0000A/-7.9487V/job.json
None
/home/zhenyuwei/simulation_data/22-07-coulombic-blockade/code/pnp_solver/out/voltage-range/r0-20.0000A-l0-250.0000A-w0-100.0000A/-7.4359V/job.json
None
/home/zhenyuwei/simulation_data/22-07-coulombic-blockade/code/pnp_solver/out/voltage-range/r0-20.0000A-l0-250.0000A-w0-100.0000A/-6.9231V/job.json
None
/home/zhenyuwei/simulation_data/22-07-coulombic-blockade/code/pnp_solver/out/voltage-range/r0-20.0000A-l0-250.0000A-w0-100.0000A/-6.4103V/job.json
None
/home/zhenyuwei/simulation_data/22-07-coulombic-blockade/code/pnp_solver/out/voltage-range/r0-20.0000A-l0-250.0000A-w0-100.0000A/-5.8974V/job.json
None
/home/zhenyuwei/simulation_data/22-07-coulombic-blockade/code/pnp_solver/out/voltage-range/r0-20.0000A-l0-250.0000A-w0-100.0000A/-5.3846V/job.json
None
/home/zhenyuwei/simulation_data/22-07-coulombic-blockade/code/pnp_solver/out/voltage-range/r0-20.0000A-l0-250.0000A-w0-100.0000A/-4.8718V/job.json
None
/home/zhenyuwei/simulation_data/22-07-coulombic-blockade/code/pnp_solver/out/voltage-range/r0-20.0000A-l0-250.0000A-w0-100.0000A/-4.3590V/job.json
None
/home/zhenyuwei/simulation_data/22-07-coulombic-blockade/code/pnp_solver/out/voltage-range/r0-20.0000A-l0-250.0000A-w0-100.0000A/-3.8462V/job.json
/home/zhenyuwei/simulation_data/22-07-coulombic-blockade/code/pnp_solver/out/voltage-range/r0-20.0000A-l0-250.0000A-w0-100.0000A/-3.3333V/job.json
/home/zhenyuwei/simulation_data/22-07-coulombic-blockade/code/pnp_solver/out/voltage-range/r0-20.0000A-l0-250.0000A-w0-100.0000A/-2.8205V/job.json
/home/zhenyuwei/simulation_data/22-07-coulombic-blockade/code/pnp_solver/out/voltage-range/r0-20.0000A-l0-250.0000A-w0-100.0000A/-2.3077V/job.json
/home/zhenyuwei/simulation_data/22-07-coulombic-blockade/code/pnp_solver/out/voltage-range/r0-20.0000A-l0-250.0000A-w0-100.0000A/-1.7949V/job.json
/home/zhenyuwei/simulation_data/22-07-coulombic-blockade/code/pnp_solver/out/voltage-range/r0-20.0000A-l0-250.0000A-w0-100.0000A/-1.2821V/job.json
/home/zhenyuwei/simulation_data/22-07-coulombic-blockade/code/pnp_solver/out/voltage-range/r0-20.0000A-l0-250.0000A-w0-100.0000A/-0.7692V/job.json
/home/zhenyuwei/simulation_data/22-07-coulombic-blockade/code/pnp_solver/out/voltage-range/r0-20.0000A-l0-250.0000A-w0-100.0000A/-0.2564V/job.json
/home/zhenyuwei/simulation_data/22-07-coulombic-blockade/code/pnp_solver/out/voltage-range/r0-20.0000A-l0-250.0000A-w0-100.0000A/0.2564V/job.json
/home/zhenyuwei/simulation_data/22-07-coulombic-blockade/code/pnp_solver/out/voltage-range/r0-20.0000A-l0-250.0000A-w0-100.0000A/0.7692V/job.json
/home/zhenyuwei/simulation_data/22-07-coulombic-blockade/code/pnp_solver/out/voltage-range/r0-20.0000A-l0-250.0000A-w0-100.0000A/1.2821V/job.json
/home/zhenyuwei/simulation_data/22-07-coulombic-blockade/code/pnp_solver/out/voltage-range/r0-20.0000A-l0-250.0000A-w0-100.0000A/1.7949V/job.json
/home/zhenyuwei/simulation_data/22-07-coulombic-blockade/code/pnp_solver/out/voltage-range/r0-20.0000A-l0-250.0000A-w0-100.0000A/2.3077V/job.json
/home/zhenyuwei/simulation_data/22-07-coulombic-blockade/code/pnp_solver/out/voltage-range/r0-20.0000A-l0-250.0000A-w0-100.0000A/2.8205V/job.json
/home/zhenyuwei/simulation_data/22-07-coulombic-blockade/code/pnp_solver/out/voltage-range/r0-20.0000A-l0-250.0000A-w0-100.0000A/3.3333V/job.json
/home/zhenyuwei/simulation_data/22-07-coulombic-blockade/code/pnp_solver/out/voltage-range/r0-20.0000A-l0-250.0000A-w0-100.0000A/3.8462V/job.json
/home/zhenyuwei/simulation_data/22-07-coulombic-blockade/code/pnp_solver/out/voltage-range/r0-20.0000A-l0-250.0000A-w0-100.0000A/4.3590V/job.json
/home/zhenyuwei/simulation_data/22-07-coulombic-blockade/code/pnp_solver/out/voltage-range/r0-20.0000A-l0-250.0000A-w0-100.0000A/4.8718V/job.json
/home/zhenyuwei/simulation_data/22-07-coulombic-blockade/code/pnp_solver/out/voltage-range/r0-20.0000A-l0-250.0000A-w0-100.0000A/5.3846V/job.json
/home/zhenyuwei/simulation_data/22-07-coulombic-blockade/code/pnp_solver/out/voltage-range/r0-20.0000A-l0-250.0000A-w0-100.0000A/5.8974V/job.json
/home/zhenyuwei/simulation_data/22-07-coulombic-blockade/code/pnp_solver/out/voltage-range/r0-20.0000A-l0-250.0000A-w0-100.0000A/6.4103V/job.json
/home/zhenyuwei/simulation_data/22-07-coulombic-blockade/code/pnp_solver/out/voltage-range/r0-20.0000A-l0-250.0000A-w0-100.0000A/6.9231V/job.json
/home/zhenyuwei/simulation_data/22-07-coulombic-blockade/code/pnp_solver/out/voltage-range/r0-20.0000A-l0-250.0000A-w0-100.0000A/7.4359V/job.json
/home/zhenyuwei/simulation_data/22-07-coulombic-blockade/code/pnp_solver/out/voltage-range/r0-20.0000A-l0-250.0000A-w0-100.0000A/7.9487V/job.json
/home/zhenyuwei/simulation_data/22-07-coulombic-blockade/code/pnp_solver/out/voltage-range/r0-20.0000A-l0-250.0000A-w0-100.0000A/8.4615V/job.json
/home/zhenyuwei/simulation_data/22-07-coulombic-blockade/code/pnp_solver/out/voltage-range/r0-20.0000A-l0-250.0000A-w0-100.0000A/8.9744V/job.json
/home/zhenyuwei/simulation_data/22-07-coulombic-blockade/code/pnp_solver/out/voltage-range/r0-20.0000A-l0-250.0000A-w0-100.0000A/9.4872V/job.json
/home/zhenyuwei/simulation_data/22-07-coulombic-blockade/code/pnp_solver/out/voltage-range/r0-20.0000A-l0-250.0000A-w0-100.0000A/10.0000V/job.json
None
None
None
None
None
None
None
None
None
None
None
None
None
None
None
None
None
None
None
None
None
None
None
None
None
None
None
None
/home/zhenyuwei/simulation_data/22-07-coulombic-blockade/code/pnp_solver/out/voltage-range/r0-20.0000A-l0-250.0000A-w0-100.0000A/-100.0000V/job.json
/home/zhenyuwei/simulation_data/22-07-coulombic-blockade/code/pnp_solver/out/voltage-range/r0-20.0000A-l0-250.0000A-w0-100.0000A/-97.9798V/job.json
/home/zhenyuwei/simulation_data/22-07-coulombic-blockade/code/pnp_solver/out/voltage-range/r0-20.0000A-l0-250.0000A-w0-100.0000A/-95.9596V/job.json
/home/zhenyuwei/simulation_data/22-07-coulombic-blockade/code/pnp_solver/out/voltage-range/r0-20.0000A-l0-250.0000A-w0-100.0000A/-93.9394V/job.json
/home/zhenyuwei/simulation_data/22-07-coulombic-blockade/code/pnp_solver/out/voltage-range/r0-20.0000A-l0-250.0000A-w0-100.0000A/-91.9192V/job.json
/home/zhenyuwei/simulation_data/22-07-coulombic-blockade/code/pnp_solver/out/voltage-range/r0-20.0000A-l0-250.0000A-w0-100.0000A/-89.8990V/job.json
/home/zhenyuwei/simulation_data/22-07-coulombic-blockade/code/pnp_solver/out/voltage-range/r0-20.0000A-l0-250.0000A-w0-100.0000A/-87.8788V/job.json
/home/zhenyuwei/simulation_data/22-07-coulombic-blockade/code/pnp_solver/out/voltage-range/r0-20.0000A-l0-250.0000A-w0-100.0000A/-85.8586V/job.json
/home/zhenyuwei/simulation_data/22-07-coulombic-blockade/code/pnp_solver/out/voltage-range/r0-20.0000A-l0-250.0000A-w0-100.0000A/-83.8384V/job.json
/home/zhenyuwei/simulation_data/22-07-coulombic-blockade/code/pnp_solver/out/voltage-range/r0-20.0000A-l0-250.0000A-w0-100.0000A/-81.8182V/job.json
/home/zhenyuwei/simulation_data/22-07-coulombic-blockade/code/pnp_solver/out/voltage-range/r0-20.0000A-l0-250.0000A-w0-100.0000A/-79.7980V/job.json
/home/zhenyuwei/simulation_data/22-07-coulombic-blockade/code/pnp_solver/out/voltage-range/r0-20.0000A-l0-250.0000A-w0-100.0000A/-77.7778V/job.json
/home/zhenyuwei/simulation_data/22-07-coulombic-blockade/code/pnp_solver/out/voltage-range/r0-20.0000A-l0-250.0000A-w0-100.0000A/-75.7576V/job.json
/home/zhenyuwei/simulation_data/22-07-coulombic-blockade/code/pnp_solver/out/voltage-range/r0-20.0000A-l0-250.0000A-w0-100.0000A/-73.7374V/job.json
/home/zhenyuwei/simulation_data/22-07-coulombic-blockade/code/pnp_solver/out/voltage-range/r0-20.0000A-l0-250.0000A-w0-100.0000A/-71.7172V/job.json
/home/zhenyuwei/simulation_data/22-07-coulombic-blockade/code/pnp_solver/out/voltage-range/r0-20.0000A-l0-250.0000A-w0-100.0000A/-69.6970V/job.json
/home/zhenyuwei/simulation_data/22-07-coulombic-blockade/code/pnp_solver/out/voltage-range/r0-20.0000A-l0-250.0000A-w0-100.0000A/-67.6768V/job.json
/home/zhenyuwei/simulation_data/22-07-coulombic-blockade/code/pnp_solver/out/voltage-range/r0-20.0000A-l0-250.0000A-w0-100.0000A/-65.6566V/job.json
/home/zhenyuwei/simulation_data/22-07-coulombic-blockade/code/pnp_solver/out/voltage-range/r0-20.0000A-l0-250.0000A-w0-100.0000A/-63.6364V/job.json
/home/zhenyuwei/simulation_data/22-07-coulombic-blockade/code/pnp_solver/out/voltage-range/r0-20.0000A-l0-250.0000A-w0-100.0000A/-61.6162V/job.json
/home/zhenyuwei/simulation_data/22-07-coulombic-blockade/code/pnp_solver/out/voltage-range/r0-20.0000A-l0-250.0000A-w0-100.0000A/-59.5960V/job.json
/home/zhenyuwei/simulation_data/22-07-coulombic-blockade/code/pnp_solver/out/voltage-range/r0-20.0000A-l0-250.0000A-w0-100.0000A/-57.5758V/job.json
/home/zhenyuwei/simulation_data/22-07-coulombic-blockade/code/pnp_solver/out/voltage-range/r0-20.0000A-l0-250.0000A-w0-100.0000A/-55.5556V/job.json
/home/zhenyuwei/simulation_data/22-07-coulombic-blockade/code/pnp_solver/out/voltage-range/r0-20.0000A-l0-250.0000A-w0-100.0000A/-53.5354V/job.json
/home/zhenyuwei/simulation_data/22-07-coulombic-blockade/code/pnp_solver/out/voltage-range/r0-20.0000A-l0-250.0000A-w0-100.0000A/-51.5152V/job.json
/home/zhenyuwei/simulation_data/22-07-coulombic-blockade/code/pnp_solver/out/voltage-range/r0-20.0000A-l0-250.0000A-w0-100.0000A/-49.4949V/job.json
/home/zhenyuwei/simulation_data/22-07-coulombic-blockade/code/pnp_solver/out/voltage-range/r0-20.0000A-l0-250.0000A-w0-100.0000A/-47.4747V/job.json
/home/zhenyuwei/simulation_data/22-07-coulombic-blockade/code/pnp_solver/out/voltage-range/r0-20.0000A-l0-250.0000A-w0-100.0000A/-45.4545V/job.json
/home/zhenyuwei/simulation_data/22-07-coulombic-blockade/code/pnp_solver/out/voltage-range/r0-20.0000A-l0-250.0000A-w0-100.0000A/-43.4343V/job.json
/home/zhenyuwei/simulation_data/22-07-coulombic-blockade/code/pnp_solver/out/voltage-range/r0-20.0000A-l0-250.0000A-w0-100.0000A/-41.4141V/job.json
/home/zhenyuwei/simulation_data/22-07-coulombic-blockade/code/pnp_solver/out/voltage-range/r0-20.0000A-l0-250.0000A-w0-100.0000A/-39.3939V/job.json
/home/zhenyuwei/simulation_data/22-07-coulombic-blockade/code/pnp_solver/out/voltage-range/r0-20.0000A-l0-250.0000A-w0-100.0000A/-37.3737V/job.json
/home/zhenyuwei/simulation_data/22-07-coulombic-blockade/code/pnp_solver/out/voltage-range/r0-20.0000A-l0-250.0000A-w0-100.0000A/-35.3535V/job.json
/home/zhenyuwei/simulation_data/22-07-coulombic-blockade/code/pnp_solver/out/voltage-range/r0-20.0000A-l0-250.0000A-w0-100.0000A/-33.3333V/job.json
/home/zhenyuwei/simulation_data/22-07-coulombic-blockade/code/pnp_solver/out/voltage-range/r0-20.0000A-l0-250.0000A-w0-100.0000A/-31.3131V/job.json
/home/zhenyuwei/simulation_data/22-07-coulombic-blockade/code/pnp_solver/out/voltage-range/r0-20.0000A-l0-250.0000A-w0-100.0000A/-29.2929V/job.json
/home/zhenyuwei/simulation_data/22-07-coulombic-blockade/code/pnp_solver/out/voltage-range/r0-20.0000A-l0-250.0000A-w0-100.0000A/-27.2727V/job.json
/home/zhenyuwei/simulation_data/22-07-coulombic-blockade/code/pnp_solver/out/voltage-range/r0-20.0000A-l0-250.0000A-w0-100.0000A/-25.2525V/job.json
/home/zhenyuwei/simulation_data/22-07-coulombic-blockade/code/pnp_solver/out/voltage-range/r0-20.0000A-l0-250.0000A-w0-100.0000A/-23.2323V/job.json
/home/zhenyuwei/simulation_data/22-07-coulombic-blockade/code/pnp_solver/out/voltage-range/r0-20.0000A-l0-250.0000A-w0-100.0000A/-21.2121V/job.json
/home/zhenyuwei/simulation_data/22-07-coulombic-blockade/code/pnp_solver/out/voltage-range/r0-20.0000A-l0-250.0000A-w0-100.0000A/-19.1919V/job.json
/home/zhenyuwei/simulation_data/22-07-coulombic-blockade/code/pnp_solver/out/voltage-range/r0-20.0000A-l0-250.0000A-w0-100.0000A/-17.1717V/job.json
/home/zhenyuwei/simulation_data/22-07-coulombic-blockade/code/pnp_solver/out/voltage-range/r0-20.0000A-l0-250.0000A-w0-100.0000A/-15.1515V/job.json
/home/zhenyuwei/simulation_data/22-07-coulombic-blockade/code/pnp_solver/out/voltage-range/r0-20.0000A-l0-250.0000A-w0-100.0000A/-13.1313V/job.json
/home/zhenyuwei/simulation_data/22-07-coulombic-blockade/code/pnp_solver/out/voltage-range/r0-20.0000A-l0-250.0000A-w0-100.0000A/-11.1111V/job.json
/home/zhenyuwei/simulation_data/22-07-coulombic-blockade/code/pnp_solver/out/voltage-range/r0-20.0000A-l0-250.0000A-w0-100.0000A/-9.0909V/job.json
/home/zhenyuwei/simulation_data/22-07-coulombic-blockade/code/pnp_solver/out/voltage-range/r0-20.0000A-l0-250.0000A-w0-100.0000A/-7.0707V/job.json
/home/zhenyuwei/simulation_data/22-07-coulombic-blockade/code/pnp_solver/out/voltage-range/r0-20.0000A-l0-250.0000A-w0-100.0000A/-5.0505V/job.json
/home/zhenyuwei/simulation_data/22-07-coulombic-blockade/code/pnp_solver/out/voltage-range/r0-20.0000A-l0-250.0000A-w0-100.0000A/-3.0303V/job.json
/home/zhenyuwei/simulation_data/22-07-coulombic-blockade/code/pnp_solver/out/voltage-range/r0-20.0000A-l0-250.0000A-w0-100.0000A/-1.0101V/job.json
/home/zhenyuwei/simulation_data/22-07-coulombic-blockade/code/pnp_solver/out/voltage-range/r0-20.0000A-l0-250.0000A-w0-100.0000A/1.0101V/job.json
/home/zhenyuwei/simulation_data/22-07-coulombic-blockade/code/pnp_solver/out/voltage-range/r0-20.0000A-l0-250.0000A-w0-100.0000A/3.0303V/job.json
/home/zhenyuwei/simulation_data/22-07-coulombic-blockade/code/pnp_solver/out/voltage-range/r0-20.0000A-l0-250.0000A-w0-100.0000A/5.0505V/job.json
/home/zhenyuwei/simulation_data/22-07-coulombic-blockade/code/pnp_solver/out/voltage-range/r0-20.0000A-l0-250.0000A-w0-100.0000A/7.0707V/job.json
/home/zhenyuwei/simulation_data/22-07-coulombic-blockade/code/pnp_solver/out/voltage-range/r0-20.0000A-l0-250.0000A-w0-100.0000A/9.0909V/job.json
/home/zhenyuwei/Programs/anaconda3/envs/mdpy/lib/python3.9/site-packages/matplotlib/contour.py:1486: UserWarning: Warning: converting a masked element to nan.
  self.zmax = float(z.max())
/home/zhenyuwei/Programs/anaconda3/envs/mdpy/lib/python3.9/site-packages/matplotlib/contour.py:1487: UserWarning: Warning: converting a masked element to nan.
  self.zmin = float(z.min())
/home/zhenyuwei/Programs/anaconda3/envs/mdpy/lib/python3.9/site-packages/matplotlib/contour.py:1486: UserWarning: Warning: converting a masked element to nan.
  self.zmax = float(z.max())
/home/zhenyuwei/Programs/anaconda3/envs/mdpy/lib/python3.9/site-packages/matplotlib/contour.py:1487: UserWarning: Warning: converting a masked element to nan.
  self.zmin = float(z.min())
/home/zhenyuwei/Programs/anaconda3/envs/mdpy/lib/python3.9/site-packages/matplotlib/contour.py:1486: UserWarning: Warning: converting a masked element to nan.
  self.zmax = float(z.max())
/home/zhenyuwei/Programs/anaconda3/envs/mdpy/lib/python3.9/site-packages/matplotlib/contour.py:1487: UserWarning: Warning: converting a masked element to nan.
  self.zmin = float(z.min())
/home/zhenyuwei/Programs/anaconda3/envs/mdpy/lib/python3.9/site-packages/matplotlib/contour.py:1486: UserWarning: Warning: converting a masked element to nan.
  self.zmax = float(z.max())
/home/zhenyuwei/Programs/anaconda3/envs/mdpy/lib/python3.9/site-packages/matplotlib/contour.py:1487: UserWarning: Warning: converting a masked element to nan.
  self.zmin = float(z.min())
/home/zhenyuwei/Programs/anaconda3/envs/mdpy/lib/python3.9/site-packages/matplotlib/contour.py:1486: UserWarning: Warning: converting a masked element to nan.
  self.zmax = float(z.max())
/home/zhenyuwei/Programs/anaconda3/envs/mdpy/lib/python3.9/site-packages/matplotlib/contour.py:1487: UserWarning: Warning: converting a masked element to nan.
  self.zmin = float(z.min())
/home/zhenyuwei/Programs/anaconda3/envs/mdpy/lib/python3.9/site-packages/matplotlib/contour.py:1486: UserWarning: Warning: converting a masked element to nan.
  self.zmax = float(z.max())
/home/zhenyuwei/Programs/anaconda3/envs/mdpy/lib/python3.9/site-packages/matplotlib/contour.py:1487: UserWarning: Warning: converting a masked element to nan.
  self.zmin = float(z.min())
/home/zhenyuwei/Programs/anaconda3/envs/mdpy/lib/python3.9/site-packages/matplotlib/contour.py:1486: UserWarning: Warning: converting a masked element to nan.
  self.zmax = float(z.max())
/home/zhenyuwei/Programs/anaconda3/envs/mdpy/lib/python3.9/site-packages/matplotlib/contour.py:1487: UserWarning: Warning: converting a masked element to nan.
  self.zmin = float(z.min())
/home/zhenyuwei/Programs/anaconda3/envs/mdpy/lib/python3.9/site-packages/matplotlib/contour.py:1486: UserWarning: Warning: converting a masked element to nan.
  self.zmax = float(z.max())
/home/zhenyuwei/Programs/anaconda3/envs/mdpy/lib/python3.9/site-packages/matplotlib/contour.py:1487: UserWarning: Warning: converting a masked element to nan.
  self.zmin = float(z.min())
/home/zhenyuwei/Programs/anaconda3/envs/mdpy/lib/python3.9/site-packages/matplotlib/contour.py:1486: UserWarning: Warning: converting a masked element to nan.
  self.zmax = float(z.max())
/home/zhenyuwei/Programs/anaconda3/envs/mdpy/lib/python3.9/site-packages/matplotlib/contour.py:1487: UserWarning: Warning: converting a masked element to nan.
  self.zmin = float(z.min())
/home/zhenyuwei/Programs/anaconda3/envs/mdpy/lib/python3.9/site-packages/matplotlib/contour.py:1486: UserWarning: Warning: converting a masked element to nan.
  self.zmax = float(z.max())
/home/zhenyuwei/Programs/anaconda3/envs/mdpy/lib/python3.9/site-packages/matplotlib/contour.py:1487: UserWarning: Warning: converting a masked element to nan.
  self.zmin = float(z.min())
/home/zhenyuwei/Programs/anaconda3/envs/mdpy/lib/python3.9/site-packages/matplotlib/contour.py:1486: UserWarning: Warning: converting a masked element to nan.
  self.zmax = float(z.max())
/home/zhenyuwei/Programs/anaconda3/envs/mdpy/lib/python3.9/site-packages/matplotlib/contour.py:1487: UserWarning: Warning: converting a masked element to nan.
  self.zmin = float(z.min())
/home/zhenyuwei/Programs/anaconda3/envs/mdpy/lib/python3.9/site-packages/matplotlib/contour.py:1486: UserWarning: Warning: converting a masked element to nan.
  self.zmax = float(z.max())
/home/zhenyuwei/Programs/anaconda3/envs/mdpy/lib/python3.9/site-packages/matplotlib/contour.py:1487: UserWarning: Warning: converting a masked element to nan.
  self.zmin = float(z.min())
/home/zhenyuwei/Programs/anaconda3/envs/mdpy/lib/python3.9/site-packages/matplotlib/contour.py:1486: UserWarning: Warning: converting a masked element to nan.
  self.zmax = float(z.max())
/home/zhenyuwei/Programs/anaconda3/envs/mdpy/lib/python3.9/site-packages/matplotlib/contour.py:1487: UserWarning: Warning: converting a masked element to nan.
  self.zmin = float(z.min())
/home/zhenyuwei/Programs/anaconda3/envs/mdpy/lib/python3.9/site-packages/matplotlib/contour.py:1486: UserWarning: Warning: converting a masked element to nan.
  self.zmax = float(z.max())
/home/zhenyuwei/Programs/anaconda3/envs/mdpy/lib/python3.9/site-packages/matplotlib/contour.py:1487: UserWarning: Warning: converting a masked element to nan.
  self.zmin = float(z.min())
/home/zhenyuwei/Programs/anaconda3/envs/mdpy/lib/python3.9/site-packages/matplotlib/contour.py:1486: UserWarning: Warning: converting a masked element to nan.
  self.zmax = float(z.max())
/home/zhenyuwei/Programs/anaconda3/envs/mdpy/lib/python3.9/site-packages/matplotlib/contour.py:1487: UserWarning: Warning: converting a masked element to nan.
  self.zmin = float(z.min())
/home/zhenyuwei/Programs/anaconda3/envs/mdpy/lib/python3.9/site-packages/matplotlib/contour.py:1486: UserWarning: Warning: converting a masked element to nan.
  self.zmax = float(z.max())
/home/zhenyuwei/Programs/anaconda3/envs/mdpy/lib/python3.9/site-packages/matplotlib/contour.py:1487: UserWarning: Warning: converting a masked element to nan.
  self.zmin = float(z.min())
/home/zhenyuwei/Programs/anaconda3/envs/mdpy/lib/python3.9/site-packages/matplotlib/contour.py:1486: UserWarning: Warning: converting a masked element to nan.
  self.zmax = float(z.max())
/home/zhenyuwei/Programs/anaconda3/envs/mdpy/lib/python3.9/site-packages/matplotlib/contour.py:1487: UserWarning: Warning: converting a masked element to nan.
  self.zmin = float(z.min())
/home/zhenyuwei/Programs/anaconda3/envs/mdpy/lib/python3.9/site-packages/matplotlib/contour.py:1486: UserWarning: Warning: converting a masked element to nan.
  self.zmax = float(z.max())
/home/zhenyuwei/Programs/anaconda3/envs/mdpy/lib/python3.9/site-packages/matplotlib/contour.py:1487: UserWarning: Warning: converting a masked element to nan.
  self.zmin = float(z.min())
/home/zhenyuwei/Programs/anaconda3/envs/mdpy/lib/python3.9/site-packages/matplotlib/contour.py:1486: UserWarning: Warning: converting a masked element to nan.
  self.zmax = float(z.max())
/home/zhenyuwei/Programs/anaconda3/envs/mdpy/lib/python3.9/site-packages/matplotlib/contour.py:1487: UserWarning: Warning: converting a masked element to nan.
  self.zmin = float(z.min())
/home/zhenyuwei/Programs/anaconda3/envs/mdpy/lib/python3.9/site-packages/matplotlib/contour.py:1486: UserWarning: Warning: converting a masked element to nan.
  self.zmax = float(z.max())
/home/zhenyuwei/Programs/anaconda3/envs/mdpy/lib/python3.9/site-packages/matplotlib/contour.py:1487: UserWarning: Warning: converting a masked element to nan.
  self.zmin = float(z.min())
/home/zhenyuwei/Programs/anaconda3/envs/mdpy/lib/python3.9/site-packages/matplotlib/contour.py:1486: UserWarning: Warning: converting a masked element to nan.
  self.zmax = float(z.max())
/home/zhenyuwei/Programs/anaconda3/envs/mdpy/lib/python3.9/site-packages/matplotlib/contour.py:1487: UserWarning: Warning: converting a masked element to nan.
  self.zmin = float(z.min())
/home/zhenyuwei/Programs/anaconda3/envs/mdpy/lib/python3.9/site-packages/matplotlib/contour.py:1486: UserWarning: Warning: converting a masked element to nan.
  self.zmax = float(z.max())
/home/zhenyuwei/Programs/anaconda3/envs/mdpy/lib/python3.9/site-packages/matplotlib/contour.py:1487: UserWarning: Warning: converting a masked element to nan.
  self.zmin = float(z.min())
/home/zhenyuwei/Programs/anaconda3/envs/mdpy/lib/python3.9/site-packages/matplotlib/contour.py:1486: UserWarning: Warning: converting a masked element to nan.
  self.zmax = float(z.max())
/home/zhenyuwei/Programs/anaconda3/envs/mdpy/lib/python3.9/site-packages/matplotlib/contour.py:1487: UserWarning: Warning: converting a masked element to nan.
  self.zmin = float(z.min())
/home/zhenyuwei/Programs/anaconda3/envs/mdpy/lib/python3.9/site-packages/matplotlib/contour.py:1486: UserWarning: Warning: converting a masked element to nan.
  self.zmax = float(z.max())
/home/zhenyuwei/Programs/anaconda3/envs/mdpy/lib/python3.9/site-packages/matplotlib/contour.py:1487: UserWarning: Warning: converting a masked element to nan.
  self.zmin = float(z.min())
/home/zhenyuwei/Programs/anaconda3/envs/mdpy/lib/python3.9/site-packages/matplotlib/contour.py:1486: UserWarning: Warning: converting a masked element to nan.
  self.zmax = float(z.max())
/home/zhenyuwei/Programs/anaconda3/envs/mdpy/lib/python3.9/site-packages/matplotlib/contour.py:1487: UserWarning: Warning: converting a masked element to nan.
  self.zmin = float(z.min())
/home/zhenyuwei/Programs/anaconda3/envs/mdpy/lib/python3.9/site-packages/matplotlib/contour.py:1486: UserWarning: Warning: converting a masked element to nan.
  self.zmax = float(z.max())
/home/zhenyuwei/Programs/anaconda3/envs/mdpy/lib/python3.9/site-packages/matplotlib/contour.py:1487: UserWarning: Warning: converting a masked element to nan.
  self.zmin = float(z.min())
/home/zhenyuwei/Programs/anaconda3/envs/mdpy/lib/python3.9/site-packages/matplotlib/contour.py:1486: UserWarning: Warning: converting a masked element to nan.
  self.zmax = float(z.max())
/home/zhenyuwei/Programs/anaconda3/envs/mdpy/lib/python3.9/site-packages/matplotlib/contour.py:1487: UserWarning: Warning: converting a masked element to nan.
  self.zmin = float(z.min())
/home/zhenyuwei/Programs/anaconda3/envs/mdpy/lib/python3.9/site-packages/matplotlib/contour.py:1486: UserWarning: Warning: converting a masked element to nan.
  self.zmax = float(z.max())
/home/zhenyuwei/Programs/anaconda3/envs/mdpy/lib/python3.9/site-packages/matplotlib/contour.py:1487: UserWarning: Warning: converting a masked element to nan.
  self.zmin = float(z.min())
/home/zhenyuwei/Programs/anaconda3/envs/mdpy/lib/python3.9/site-packages/matplotlib/contour.py:1486: UserWarning: Warning: converting a masked element to nan.
  self.zmax = float(z.max())
/home/zhenyuwei/Programs/anaconda3/envs/mdpy/lib/python3.9/site-packages/matplotlib/contour.py:1487: UserWarning: Warning: converting a masked element to nan.
  self.zmin = float(z.min())
/home/zhenyuwei/Programs/anaconda3/envs/mdpy/lib/python3.9/site-packages/matplotlib/contour.py:1486: UserWarning: Warning: converting a masked element to nan.
  self.zmax = float(z.max())
/home/zhenyuwei/Programs/anaconda3/envs/mdpy/lib/python3.9/site-packages/matplotlib/contour.py:1487: UserWarning: Warning: converting a masked element to nan.
  self.zmin = float(z.min())
/home/zhenyuwei/Programs/anaconda3/envs/mdpy/lib/python3.9/site-packages/matplotlib/contour.py:1486: UserWarning: Warning: converting a masked element to nan.
  self.zmax = float(z.max())
/home/zhenyuwei/Programs/anaconda3/envs/mdpy/lib/python3.9/site-packages/matplotlib/contour.py:1487: UserWarning: Warning: converting a masked element to nan.
  self.zmin = float(z.min())
/home/zhenyuwei/Programs/anaconda3/envs/mdpy/lib/python3.9/site-packages/matplotlib/contour.py:1486: UserWarning: Warning: converting a masked element to nan.
  self.zmax = float(z.max())
/home/zhenyuwei/Programs/anaconda3/envs/mdpy/lib/python3.9/site-packages/matplotlib/contour.py:1487: UserWarning: Warning: converting a masked element to nan.
  self.zmin = float(z.min())
/home/zhenyuwei/Programs/anaconda3/envs/mdpy/lib/python3.9/site-packages/matplotlib/contour.py:1486: UserWarning: Warning: converting a masked element to nan.
  self.zmax = float(z.max())
/home/zhenyuwei/Programs/anaconda3/envs/mdpy/lib/python3.9/site-packages/matplotlib/contour.py:1487: UserWarning: Warning: converting a masked element to nan.
  self.zmin = float(z.min())
/home/zhenyuwei/Programs/anaconda3/envs/mdpy/lib/python3.9/site-packages/matplotlib/contour.py:1486: UserWarning: Warning: converting a masked element to nan.
  self.zmax = float(z.max())
/home/zhenyuwei/Programs/anaconda3/envs/mdpy/lib/python3.9/site-packages/matplotlib/contour.py:1487: UserWarning: Warning: converting a masked element to nan.
  self.zmin = float(z.min())
/home/zhenyuwei/Programs/anaconda3/envs/mdpy/lib/python3.9/site-packages/matplotlib/contour.py:1486: UserWarning: Warning: converting a masked element to nan.
  self.zmax = float(z.max())
/home/zhenyuwei/Programs/anaconda3/envs/mdpy/lib/python3.9/site-packages/matplotlib/contour.py:1487: UserWarning: Warning: converting a masked element to nan.
  self.zmin = float(z.min())
/home/zhenyuwei/Programs/anaconda3/envs/mdpy/lib/python3.9/site-packages/matplotlib/contour.py:1486: UserWarning: Warning: converting a masked element to nan.
  self.zmax = float(z.max())
/home/zhenyuwei/Programs/anaconda3/envs/mdpy/lib/python3.9/site-packages/matplotlib/contour.py:1487: UserWarning: Warning: converting a masked element to nan.
  self.zmin = float(z.min())
/home/zhenyuwei/Programs/anaconda3/envs/mdpy/lib/python3.9/site-packages/matplotlib/contour.py:1486: UserWarning: Warning: converting a masked element to nan.
  self.zmax = float(z.max())
/home/zhenyuwei/Programs/anaconda3/envs/mdpy/lib/python3.9/site-packages/matplotlib/contour.py:1487: UserWarning: Warning: converting a masked element to nan.
  self.zmin = float(z.min())
/home/zhenyuwei/Programs/anaconda3/envs/mdpy/lib/python3.9/site-packages/matplotlib/contour.py:1486: UserWarning: Warning: converting a masked element to nan.
  self.zmax = float(z.max())
/home/zhenyuwei/Programs/anaconda3/envs/mdpy/lib/python3.9/site-packages/matplotlib/contour.py:1487: UserWarning: Warning: converting a masked element to nan.
  self.zmin = float(z.min())
/home/zhenyuwei/Programs/anaconda3/envs/mdpy/lib/python3.9/site-packages/matplotlib/contour.py:1486: UserWarning: Warning: converting a masked element to nan.
  self.zmax = float(z.max())
/home/zhenyuwei/Programs/anaconda3/envs/mdpy/lib/python3.9/site-packages/matplotlib/contour.py:1487: UserWarning: Warning: converting a masked element to nan.
  self.zmin = float(z.min())
/home/zhenyuwei/Programs/anaconda3/envs/mdpy/lib/python3.9/site-packages/matplotlib/contour.py:1486: UserWarning: Warning: converting a masked element to nan.
  self.zmax = float(z.max())
/home/zhenyuwei/Programs/anaconda3/envs/mdpy/lib/python3.9/site-packages/matplotlib/contour.py:1487: UserWarning: Warning: converting a masked element to nan.
  self.zmin = float(z.min())
/home/zhenyuwei/Programs/anaconda3/envs/mdpy/lib/python3.9/site-packages/matplotlib/contour.py:1486: UserWarning: Warning: converting a masked element to nan.
  self.zmax = float(z.max())
/home/zhenyuwei/Programs/anaconda3/envs/mdpy/lib/python3.9/site-packages/matplotlib/contour.py:1487: UserWarning: Warning: converting a masked element to nan.
  self.zmin = float(z.min())
/home/zhenyuwei/Programs/anaconda3/envs/mdpy/lib/python3.9/site-packages/matplotlib/contour.py:1486: UserWarning: Warning: converting a masked element to nan.
  self.zmax = float(z.max())
/home/zhenyuwei/Programs/anaconda3/envs/mdpy/lib/python3.9/site-packages/matplotlib/contour.py:1487: UserWarning: Warning: converting a masked element to nan.
  self.zmin = float(z.min())
/home/zhenyuwei/Programs/anaconda3/envs/mdpy/lib/python3.9/site-packages/matplotlib/contour.py:1486: UserWarning: Warning: converting a masked element to nan.
  self.zmax = float(z.max())
/home/zhenyuwei/Programs/anaconda3/envs/mdpy/lib/python3.9/site-packages/matplotlib/contour.py:1487: UserWarning: Warning: converting a masked element to nan.
  self.zmin = float(z.min())
/home/zhenyuwei/Programs/anaconda3/envs/mdpy/lib/python3.9/site-packages/matplotlib/contour.py:1486: UserWarning: Warning: converting a masked element to nan.
  self.zmax = float(z.max())
/home/zhenyuwei/Programs/anaconda3/envs/mdpy/lib/python3.9/site-packages/matplotlib/contour.py:1487: UserWarning: Warning: converting a masked element to nan.
  self.zmin = float(z.min())
/home/zhenyuwei/Programs/anaconda3/envs/mdpy/lib/python3.9/site-packages/matplotlib/contour.py:1486: UserWarning: Warning: converting a masked element to nan.
  self.zmax = float(z.max())
/home/zhenyuwei/Programs/anaconda3/envs/mdpy/lib/python3.9/site-packages/matplotlib/contour.py:1487: UserWarning: Warning: converting a masked element to nan.
  self.zmin = float(z.min())
Terminated
/home/zhenyuwei/simulation_data/22-07-coulombic-blockade/code/pnp_solver/out/voltage-range/r0-20.0000A-l0-250.0000A-w0-100.0000A/-100.0000V/job.json
/home/zhenyuwei/simulation_data/22-07-coulombic-blockade/code/pnp_solver/out/voltage-range/r0-20.0000A-l0-250.0000A-w0-100.0000A/-97.9798V/job.json
/home/zhenyuwei/simulation_data/22-07-coulombic-blockade/code/pnp_solver/out/voltage-range/r0-20.0000A-l0-250.0000A-w0-100.0000A/-95.9596V/job.json
/home/zhenyuwei/simulation_data/22-07-coulombic-blockade/code/pnp_solver/out/voltage-range/r0-20.0000A-l0-250.0000A-w0-100.0000A/-93.9394V/job.json
/home/zhenyuwei/simulation_data/22-07-coulombic-blockade/code/pnp_solver/out/voltage-range/r0-20.0000A-l0-250.0000A-w0-100.0000A/-91.9192V/job.json
/home/zhenyuwei/simulation_data/22-07-coulombic-blockade/code/pnp_solver/out/voltage-range/r0-20.0000A-l0-250.0000A-w0-100.0000A/-89.8990V/job.json
/home/zhenyuwei/simulation_data/22-07-coulombic-blockade/code/pnp_solver/out/voltage-range/r0-20.0000A-l0-250.0000A-w0-100.0000A/-87.8788V/job.json
/home/zhenyuwei/simulation_data/22-07-coulombic-blockade/code/pnp_solver/out/voltage-range/r0-20.0000A-l0-250.0000A-w0-100.0000A/-85.8586V/job.json
/home/zhenyuwei/simulation_data/22-07-coulombic-blockade/code/pnp_solver/out/voltage-range/r0-20.0000A-l0-250.0000A-w0-100.0000A/-83.8384V/job.json
/home/zhenyuwei/simulation_data/22-07-coulombic-blockade/code/pnp_solver/out/voltage-range/r0-20.0000A-l0-250.0000A-w0-100.0000A/-81.8182V/job.json
/home/zhenyuwei/simulation_data/22-07-coulombic-blockade/code/pnp_solver/out/voltage-range/r0-20.0000A-l0-250.0000A-w0-100.0000A/-79.7980V/job.json
/home/zhenyuwei/simulation_data/22-07-coulombic-blockade/code/pnp_solver/out/voltage-range/r0-20.0000A-l0-250.0000A-w0-100.0000A/-77.7778V/job.json
/home/zhenyuwei/simulation_data/22-07-coulombic-blockade/code/pnp_solver/out/voltage-range/r0-20.0000A-l0-250.0000A-w0-100.0000A/-75.7576V/job.json
/home/zhenyuwei/simulation_data/22-07-coulombic-blockade/code/pnp_solver/out/voltage-range/r0-20.0000A-l0-250.0000A-w0-100.0000A/-73.7374V/job.json
/home/zhenyuwei/simulation_data/22-07-coulombic-blockade/code/pnp_solver/out/voltage-range/r0-20.0000A-l0-250.0000A-w0-100.0000A/-71.7172V/job.json
/home/zhenyuwei/simulation_data/22-07-coulombic-blockade/code/pnp_solver/out/voltage-range/r0-20.0000A-l0-250.0000A-w0-100.0000A/-69.6970V/job.json
/home/zhenyuwei/simulation_data/22-07-coulombic-blockade/code/pnp_solver/out/voltage-range/r0-20.0000A-l0-250.0000A-w0-100.0000A/-67.6768V/job.json
/home/zhenyuwei/simulation_data/22-07-coulombic-blockade/code/pnp_solver/out/voltage-range/r0-20.0000A-l0-250.0000A-w0-100.0000A/-65.6566V/job.json
/home/zhenyuwei/simulation_data/22-07-coulombic-blockade/code/pnp_solver/out/voltage-range/r0-20.0000A-l0-250.0000A-w0-100.0000A/-63.6364V/job.json
/home/zhenyuwei/simulation_data/22-07-coulombic-blockade/code/pnp_solver/out/voltage-range/r0-20.0000A-l0-250.0000A-w0-100.0000A/-61.6162V/job.json
/home/zhenyuwei/simulation_data/22-07-coulombic-blockade/code/pnp_solver/out/voltage-range/r0-20.0000A-l0-250.0000A-w0-100.0000A/-59.5960V/job.json
/home/zhenyuwei/simulation_data/22-07-coulombic-blockade/code/pnp_solver/out/voltage-range/r0-20.0000A-l0-250.0000A-w0-100.0000A/-57.5758V/job.json
/home/zhenyuwei/simulation_data/22-07-coulombic-blockade/code/pnp_solver/out/voltage-range/r0-20.0000A-l0-250.0000A-w0-100.0000A/-55.5556V/job.json
/home/zhenyuwei/simulation_data/22-07-coulombic-blockade/code/pnp_solver/out/voltage-range/r0-20.0000A-l0-250.0000A-w0-100.0000A/-53.5354V/job.json
/home/zhenyuwei/simulation_data/22-07-coulombic-blockade/code/pnp_solver/out/voltage-range/r0-20.0000A-l0-250.0000A-w0-100.0000A/-51.5152V/job.json
/home/zhenyuwei/simulation_data/22-07-coulombic-blockade/code/pnp_solver/out/voltage-range/r0-20.0000A-l0-250.0000A-w0-100.0000A/-49.4949V/job.json
/home/zhenyuwei/simulation_data/22-07-coulombic-blockade/code/pnp_solver/out/voltage-range/r0-20.0000A-l0-250.0000A-w0-100.0000A/-47.4747V/job.json
/home/zhenyuwei/simulation_data/22-07-coulombic-blockade/code/pnp_solver/out/voltage-range/r0-20.0000A-l0-250.0000A-w0-100.0000A/-45.4545V/job.json
/home/zhenyuwei/simulation_data/22-07-coulombic-blockade/code/pnp_solver/out/voltage-range/r0-20.0000A-l0-250.0000A-w0-100.0000A/-43.4343V/job.json
/home/zhenyuwei/simulation_data/22-07-coulombic-blockade/code/pnp_solver/out/voltage-range/r0-20.0000A-l0-250.0000A-w0-100.0000A/-41.4141V/job.json
/home/zhenyuwei/simulation_data/22-07-coulombic-blockade/code/pnp_solver/out/voltage-range/r0-20.0000A-l0-250.0000A-w0-100.0000A/-39.3939V/job.json
/home/zhenyuwei/simulation_data/22-07-coulombic-blockade/code/pnp_solver/out/voltage-range/r0-20.0000A-l0-250.0000A-w0-100.0000A/-37.3737V/job.json
/home/zhenyuwei/simulation_data/22-07-coulombic-blockade/code/pnp_solver/out/voltage-range/r0-20.0000A-l0-250.0000A-w0-100.0000A/-35.3535V/job.json
/home/zhenyuwei/simulation_data/22-07-coulombic-blockade/code/pnp_solver/out/voltage-range/r0-20.0000A-l0-250.0000A-w0-100.0000A/-33.3333V/job.json
/home/zhenyuwei/simulation_data/22-07-coulombic-blockade/code/pnp_solver/out/voltage-range/r0-20.0000A-l0-250.0000A-w0-100.0000A/-31.3131V/job.json
/home/zhenyuwei/simulation_data/22-07-coulombic-blockade/code/pnp_solver/out/voltage-range/r0-20.0000A-l0-250.0000A-w0-100.0000A/-29.2929V/job.json
/home/zhenyuwei/simulation_data/22-07-coulombic-blockade/code/pnp_solver/out/voltage-range/r0-20.0000A-l0-250.0000A-w0-100.0000A/-27.2727V/job.json
/home/zhenyuwei/simulation_data/22-07-coulombic-blockade/code/pnp_solver/out/voltage-range/r0-20.0000A-l0-250.0000A-w0-100.0000A/-25.2525V/job.json
/home/zhenyuwei/simulation_data/22-07-coulombic-blockade/code/pnp_solver/out/voltage-range/r0-20.0000A-l0-250.0000A-w0-100.0000A/-23.2323V/job.json
/home/zhenyuwei/simulation_data/22-07-coulombic-blockade/code/pnp_solver/out/voltage-range/r0-20.0000A-l0-250.0000A-w0-100.0000A/-21.2121V/job.json
/home/zhenyuwei/simulation_data/22-07-coulombic-blockade/code/pnp_solver/out/voltage-range/r0-20.0000A-l0-250.0000A-w0-100.0000A/-19.1919V/job.json
/home/zhenyuwei/simulation_data/22-07-coulombic-blockade/code/pnp_solver/out/voltage-range/r0-20.0000A-l0-250.0000A-w0-100.0000A/-17.1717V/job.json
/home/zhenyuwei/simulation_data/22-07-coulombic-blockade/code/pnp_solver/out/voltage-range/r0-20.0000A-l0-250.0000A-w0-100.0000A/-15.1515V/job.json
/home/zhenyuwei/simulation_data/22-07-coulombic-blockade/code/pnp_solver/out/voltage-range/r0-20.0000A-l0-250.0000A-w0-100.0000A/-13.1313V/job.json
/home/zhenyuwei/simulation_data/22-07-coulombic-blockade/code/pnp_solver/out/voltage-range/r0-20.0000A-l0-250.0000A-w0-100.0000A/-11.1111V/job.json
/home/zhenyuwei/simulation_data/22-07-coulombic-blockade/code/pnp_solver/out/voltage-range/r0-20.0000A-l0-250.0000A-w0-100.0000A/-9.0909V/job.json
/home/zhenyuwei/simulation_data/22-07-coulombic-blockade/code/pnp_solver/out/voltage-range/r0-20.0000A-l0-250.0000A-w0-100.0000A/-7.0707V/job.json
/home/zhenyuwei/simulation_data/22-07-coulombic-blockade/code/pnp_solver/out/voltage-range/r0-20.0000A-l0-250.0000A-w0-100.0000A/-5.0505V/job.json
/home/zhenyuwei/simulation_data/22-07-coulombic-blockade/code/pnp_solver/out/voltage-range/r0-20.0000A-l0-250.0000A-w0-100.0000A/-3.0303V/job.json
/home/zhenyuwei/simulation_data/22-07-coulombic-blockade/code/pnp_solver/out/voltage-range/r0-20.0000A-l0-250.0000A-w0-100.0000A/-1.0101V/job.json
/home/zhenyuwei/simulation_data/22-07-coulombic-blockade/code/pnp_solver/out/voltage-range/r0-20.0000A-l0-250.0000A-w0-100.0000A/1.0101V/job.json
/home/zhenyuwei/simulation_data/22-07-coulombic-blockade/code/pnp_solver/out/voltage-range/r0-20.0000A-l0-250.0000A-w0-100.0000A/3.0303V/job.json
/home/zhenyuwei/simulation_data/22-07-coulombic-blockade/code/pnp_solver/out/voltage-range/r0-20.0000A-l0-250.0000A-w0-100.0000A/5.0505V/job.json
/home/zhenyuwei/simulation_data/22-07-coulombic-blockade/code/pnp_solver/out/voltage-range/r0-20.0000A-l0-250.0000A-w0-100.0000A/7.0707V/job.json
/home/zhenyuwei/simulation_data/22-07-coulombic-blockade/code/pnp_solver/out/voltage-range/r0-20.0000A-l0-250.0000A-w0-100.0000A/9.0909V/job.json
/home/zhenyuwei/simulation_data/22-07-coulombic-blockade/code/pnp_solver/out/voltage-range/r0-20.0000A-l0-250.0000A-w0-100.0000A/11.1111V/job.json
/home/zhenyuwei/simulation_data/22-07-coulombic-blockade/code/pnp_solver/out/voltage-range/r0-20.0000A-l0-250.0000A-w0-100.0000A/13.1313V/job.json
/home/zhenyuwei/simulation_data/22-07-coulombic-blockade/code/pnp_solver/out/voltage-range/r0-20.0000A-l0-250.0000A-w0-100.0000A/15.1515V/job.json
/home/zhenyuwei/simulation_data/22-07-coulombic-blockade/code/pnp_solver/out/voltage-range/r0-20.0000A-l0-250.0000A-w0-100.0000A/17.1717V/job.json
/home/zhenyuwei/simulation_data/22-07-coulombic-blockade/code/pnp_solver/out/voltage-range/r0-20.0000A-l0-250.0000A-w0-100.0000A/19.1919V/job.json
/home/zhenyuwei/simulation_data/22-07-coulombic-blockade/code/pnp_solver/out/voltage-range/r0-20.0000A-l0-250.0000A-w0-100.0000A/21.2121V/job.json
/home/zhenyuwei/simulation_data/22-07-coulombic-blockade/code/pnp_solver/out/voltage-range/r0-20.0000A-l0-250.0000A-w0-100.0000A/23.2323V/job.json
/home/zhenyuwei/simulation_data/22-07-coulombic-blockade/code/pnp_solver/out/voltage-range/r0-20.0000A-l0-250.0000A-w0-100.0000A/25.2525V/job.json
/home/zhenyuwei/simulation_data/22-07-coulombic-blockade/code/pnp_solver/out/voltage-range/r0-20.0000A-l0-250.0000A-w0-100.0000A/27.2727V/job.json
/home/zhenyuwei/simulation_data/22-07-coulombic-blockade/code/pnp_solver/out/voltage-range/r0-20.0000A-l0-250.0000A-w0-100.0000A/29.2929V/job.json
/home/zhenyuwei/simulation_data/22-07-coulombic-blockade/code/pnp_solver/out/voltage-range/r0-20.0000A-l0-250.0000A-w0-100.0000A/31.3131V/job.json
/home/zhenyuwei/simulation_data/22-07-coulombic-blockade/code/pnp_solver/out/voltage-range/r0-20.0000A-l0-250.0000A-w0-100.0000A/33.3333V/job.json
/home/zhenyuwei/simulation_data/22-07-coulombic-blockade/code/pnp_solver/out/voltage-range/r0-20.0000A-l0-250.0000A-w0-100.0000A/35.3535V/job.json
/home/zhenyuwei/simulation_data/22-07-coulombic-blockade/code/pnp_solver/out/voltage-range/r0-20.0000A-l0-250.0000A-w0-100.0000A/37.3737V/job.json
/home/zhenyuwei/simulation_data/22-07-coulombic-blockade/code/pnp_solver/out/voltage-range/r0-20.0000A-l0-250.0000A-w0-100.0000A/39.3939V/job.json
/home/zhenyuwei/simulation_data/22-07-coulombic-blockade/code/pnp_solver/out/voltage-range/r0-20.0000A-l0-250.0000A-w0-100.0000A/41.4141V/job.json
/home/zhenyuwei/simulation_data/22-07-coulombic-blockade/code/pnp_solver/out/voltage-range/r0-20.0000A-l0-250.0000A-w0-100.0000A/43.4343V/job.json
/home/zhenyuwei/simulation_data/22-07-coulombic-blockade/code/pnp_solver/out/voltage-range/r0-20.0000A-l0-250.0000A-w0-100.0000A/45.4545V/job.json
/home/zhenyuwei/simulation_data/22-07-coulombic-blockade/code/pnp_solver/out/voltage-range/r0-20.0000A-l0-250.0000A-w0-100.0000A/47.4747V/job.json
/home/zhenyuwei/simulation_data/22-07-coulombic-blockade/code/pnp_solver/out/voltage-range/r0-20.0000A-l0-250.0000A-w0-100.0000A/49.4949V/job.json
/home/zhenyuwei/simulation_data/22-07-coulombic-blockade/code/pnp_solver/out/voltage-range/r0-20.0000A-l0-250.0000A-w0-100.0000A/51.5152V/job.json
/home/zhenyuwei/simulation_data/22-07-coulombic-blockade/code/pnp_solver/out/voltage-range/r0-20.0000A-l0-250.0000A-w0-100.0000A/53.5354V/job.json
/home/zhenyuwei/simulation_data/22-07-coulombic-blockade/code/pnp_solver/out/voltage-range/r0-20.0000A-l0-250.0000A-w0-100.0000A/55.5556V/job.json
/home/zhenyuwei/simulation_data/22-07-coulombic-blockade/code/pnp_solver/out/voltage-range/r0-20.0000A-l0-250.0000A-w0-100.0000A/57.5758V/job.json
/home/zhenyuwei/simulation_data/22-07-coulombic-blockade/code/pnp_solver/out/voltage-range/r0-20.0000A-l0-250.0000A-w0-100.0000A/59.5960V/job.json
/home/zhenyuwei/simulation_data/22-07-coulombic-blockade/code/pnp_solver/out/voltage-range/r0-20.0000A-l0-250.0000A-w0-100.0000A/61.6162V/job.json
/home/zhenyuwei/simulation_data/22-07-coulombic-blockade/code/pnp_solver/out/voltage-range/r0-20.0000A-l0-250.0000A-w0-100.0000A/63.6364V/job.json
/home/zhenyuwei/simulation_data/22-07-coulombic-blockade/code/pnp_solver/out/voltage-range/r0-20.0000A-l0-250.0000A-w0-100.0000A/65.6566V/job.json
/home/zhenyuwei/simulation_data/22-07-coulombic-blockade/code/pnp_solver/out/voltage-range/r0-20.0000A-l0-250.0000A-w0-100.0000A/67.6768V/job.json
/home/zhenyuwei/simulation_data/22-07-coulombic-blockade/code/pnp_solver/out/voltage-range/r0-20.0000A-l0-250.0000A-w0-100.0000A/69.6970V/job.json
/home/zhenyuwei/simulation_data/22-07-coulombic-blockade/code/pnp_solver/out/voltage-range/r0-20.0000A-l0-250.0000A-w0-100.0000A/71.7172V/job.json
/home/zhenyuwei/simulation_data/22-07-coulombic-blockade/code/pnp_solver/out/voltage-range/r0-20.0000A-l0-250.0000A-w0-100.0000A/73.7374V/job.json
/home/zhenyuwei/simulation_data/22-07-coulombic-blockade/code/pnp_solver/out/voltage-range/r0-20.0000A-l0-250.0000A-w0-100.0000A/75.7576V/job.json
/home/zhenyuwei/simulation_data/22-07-coulombic-blockade/code/pnp_solver/out/voltage-range/r0-20.0000A-l0-250.0000A-w0-100.0000A/77.7778V/job.json
/home/zhenyuwei/simulation_data/22-07-coulombic-blockade/code/pnp_solver/out/voltage-range/r0-20.0000A-l0-250.0000A-w0-100.0000A/79.7980V/job.json
/home/zhenyuwei/simulation_data/22-07-coulombic-blockade/code/pnp_solver/out/voltage-range/r0-20.0000A-l0-250.0000A-w0-100.0000A/81.8182V/job.json
/home/zhenyuwei/simulation_data/22-07-coulombic-blockade/code/pnp_solver/out/voltage-range/r0-20.0000A-l0-250.0000A-w0-100.0000A/83.8384V/job.json
/home/zhenyuwei/simulation_data/22-07-coulombic-blockade/code/pnp_solver/out/voltage-range/r0-20.0000A-l0-250.0000A-w0-100.0000A/85.8586V/job.json
/home/zhenyuwei/simulation_data/22-07-coulombic-blockade/code/pnp_solver/out/voltage-range/r0-20.0000A-l0-250.0000A-w0-100.0000A/87.8788V/job.json
/home/zhenyuwei/simulation_data/22-07-coulombic-blockade/code/pnp_solver/out/voltage-range/r0-20.0000A-l0-250.0000A-w0-100.0000A/89.8990V/job.json
/home/zhenyuwei/simulation_data/22-07-coulombic-blockade/code/pnp_solver/out/voltage-range/r0-20.0000A-l0-250.0000A-w0-100.0000A/91.9192V/job.json
/home/zhenyuwei/simulation_data/22-07-coulombic-blockade/code/pnp_solver/out/voltage-range/r0-20.0000A-l0-250.0000A-w0-100.0000A/93.9394V/job.json
/home/zhenyuwei/simulation_data/22-07-coulombic-blockade/code/pnp_solver/out/voltage-range/r0-20.0000A-l0-250.0000A-w0-100.0000A/95.9596V/job.json
/home/zhenyuwei/simulation_data/22-07-coulombic-blockade/code/pnp_solver/out/voltage-range/r0-20.0000A-l0-250.0000A-w0-100.0000A/97.9798V/job.json
/home/zhenyuwei/simulation_data/22-07-coulombic-blockade/code/pnp_solver/out/voltage-range/r0-20.0000A-l0-250.0000A-w0-100.0000A/100.0000V/job.json
None
None
None
None
None
None
Traceback (most recent call last):
  File "/home/zhenyuwei/simulation_data/22-07-coulombic-blockade/code/pnp_solver/job.py", line 102, in job
    device, job = get_available_device(device_file_path)
  File "/home/zhenyuwei/simulation_data/22-07-coulombic-blockade/code/pnp_solver/manager.py", line 40, in get_available_device
    raise KeyError("No available device")
KeyError: 'No available device'

Traceback (most recent call last):
  File "/home/zhenyuwei/simulation_data/22-07-coulombic-blockade/code/pnp_solver/job.py", line 102, in job
    device, job = get_available_device(device_file_path)
  File "/home/zhenyuwei/simulation_data/22-07-coulombic-blockade/code/pnp_solver/manager.py", line 40, in get_available_device
    raise KeyError("No available device")
KeyError: 'No available device'

Traceback (most recent call last):
  File "/home/zhenyuwei/simulation_data/22-07-coulombic-blockade/code/pnp_solver/job.py", line 102, in job
    device, job = get_available_device(device_file_path)
  File "/home/zhenyuwei/simulation_data/22-07-coulombic-blockade/code/pnp_solver/manager.py", line 40, in get_available_device
    raise KeyError("No available device")
KeyError: 'No available device'

Traceback (most recent call last):
  File "/home/zhenyuwei/simulation_data/22-07-coulombic-blockade/code/pnp_solver/job.py", line 102, in job
    device, job = get_available_device(device_file_path)
  File "/home/zhenyuwei/simulation_data/22-07-coulombic-blockade/code/pnp_solver/manager.py", line 40, in get_available_device
    raise KeyError("No available device")
KeyError: 'No available device'

Traceback (most recent call last):
  File "/home/zhenyuwei/simulation_data/22-07-coulombic-blockade/code/pnp_solver/job.py", line 102, in job
    device, job = get_available_device(device_file_path)
  File "/home/zhenyuwei/simulation_data/22-07-coulombic-blockade/code/pnp_solver/manager.py", line 40, in get_available_device
    raise KeyError("No available device")
KeyError: 'No available device'

Traceback (most recent call last):
  File "/home/zhenyuwei/simulation_data/22-07-coulombic-blockade/code/pnp_solver/job.py", line 102, in job
    device, job = get_available_device(device_file_path)
  File "/home/zhenyuwei/simulation_data/22-07-coulombic-blockade/code/pnp_solver/manager.py", line 40, in get_available_device
    raise KeyError("No available device")
KeyError: 'No available device'

Traceback (most recent call last):
  File "/home/zhenyuwei/simulation_data/22-07-coulombic-blockade/code/pnp_solver/job.py", line 102, in job
    device, job = get_available_device(device_file_path)
  File "/home/zhenyuwei/simulation_data/22-07-coulombic-blockade/code/pnp_solver/manager.py", line 40, in get_available_device
    raise KeyError("No available device")
KeyError: 'No available device'

Traceback (most recent call last):
  File "/home/zhenyuwei/simulation_data/22-07-coulombic-blockade/code/pnp_solver/job.py", line 102, in job
    device, job = get_available_device(device_file_path)
  File "/home/zhenyuwei/simulation_data/22-07-coulombic-blockade/code/pnp_solver/manager.py", line 40, in get_available_device
    raise KeyError("No available device")
KeyError: 'No available device'

Traceback (most recent call last):
  File "/home/zhenyuwei/simulation_data/22-07-coulombic-blockade/code/pnp_solver/job.py", line 102, in job
    device, job = get_available_device(device_file_path)
  File "/home/zhenyuwei/simulation_data/22-07-coulombic-blockade/code/pnp_solver/manager.py", line 40, in get_available_device
    raise KeyError("No available device")
KeyError: 'No available device'

Traceback (most recent call last):
  File "/home/zhenyuwei/simulation_data/22-07-coulombic-blockade/code/pnp_solver/job.py", line 102, in job
    device, job = get_available_device(device_file_path)
  File "/home/zhenyuwei/simulation_data/22-07-coulombic-blockade/code/pnp_solver/manager.py", line 40, in get_available_device
    raise KeyError("No available device")
KeyError: 'No available device'

Traceback (most recent call last):
  File "/home/zhenyuwei/simulation_data/22-07-coulombic-blockade/code/pnp_solver/job.py", line 102, in job
    device, job = get_available_device(device_file_path)
  File "/home/zhenyuwei/simulation_data/22-07-coulombic-blockade/code/pnp_solver/manager.py", line 40, in get_available_device
    raise KeyError("No available device")
KeyError: 'No available device'

Traceback (most recent call last):
  File "/home/zhenyuwei/simulation_data/22-07-coulombic-blockade/code/pnp_solver/job.py", line 102, in job
    device, job = get_available_device(device_file_path)
  File "/home/zhenyuwei/simulation_data/22-07-coulombic-blockade/code/pnp_solver/manager.py", line 40, in get_available_device
    raise KeyError("No available device")
KeyError: 'No available device'

Traceback (most recent call last):
  File "/home/zhenyuwei/simulation_data/22-07-coulombic-blockade/code/pnp_solver/job.py", line 102, in job
    device, job = get_available_device(device_file_path)
  File "/home/zhenyuwei/simulation_data/22-07-coulombic-blockade/code/pnp_solver/manager.py", line 40, in get_available_device
    raise KeyError("No available device")
KeyError: 'No available device'

Traceback (most recent call last):
  File "/home/zhenyuwei/simulation_data/22-07-coulombic-blockade/code/pnp_solver/job.py", line 102, in job
    device, job = get_available_device(device_file_path)
  File "/home/zhenyuwei/simulation_data/22-07-coulombic-blockade/code/pnp_solver/manager.py", line 40, in get_available_device
    raise KeyError("No available device")
KeyError: 'No available device'

Traceback (most recent call last):
  File "/home/zhenyuwei/simulation_data/22-07-coulombic-blockade/code/pnp_solver/job.py", line 102, in job
    device, job = get_available_device(device_file_path)
  File "/home/zhenyuwei/simulation_data/22-07-coulombic-blockade/code/pnp_solver/manager.py", line 40, in get_available_device
    raise KeyError("No available device")
KeyError: 'No available device'

Traceback (most recent call last):
  File "/home/zhenyuwei/simulation_data/22-07-coulombic-blockade/code/pnp_solver/job.py", line 102, in job
    device, job = get_available_device(device_file_path)
  File "/home/zhenyuwei/simulation_data/22-07-coulombic-blockade/code/pnp_solver/manager.py", line 40, in get_available_device
    raise KeyError("No available device")
KeyError: 'No available device'

Traceback (most recent call last):
  File "/home/zhenyuwei/simulation_data/22-07-coulombic-blockade/code/pnp_solver/job.py", line 102, in job
    device, job = get_available_device(device_file_path)
  File "/home/zhenyuwei/simulation_data/22-07-coulombic-blockade/code/pnp_solver/manager.py", line 40, in get_available_device
    raise KeyError("No available device")
KeyError: 'No available device'

Traceback (most recent call last):
  File "/home/zhenyuwei/simulation_data/22-07-coulombic-blockade/code/pnp_solver/job.py", line 102, in job
    device, job = get_available_device(device_file_path)
  File "/home/zhenyuwei/simulation_data/22-07-coulombic-blockade/code/pnp_solver/manager.py", line 40, in get_available_device
    raise KeyError("No available device")
KeyError: 'No available device'

Traceback (most recent call last):
  File "/home/zhenyuwei/simulation_data/22-07-coulombic-blockade/code/pnp_solver/job.py", line 102, in job
    device, job = get_available_device(device_file_path)
  File "/home/zhenyuwei/simulation_data/22-07-coulombic-blockade/code/pnp_solver/manager.py", line 40, in get_available_device
    raise KeyError("No available device")
KeyError: 'No available device'

Traceback (most recent call last):
  File "/home/zhenyuwei/simulation_data/22-07-coulombic-blockade/code/pnp_solver/job.py", line 102, in job
    device, job = get_available_device(device_file_path)
  File "/home/zhenyuwei/simulation_data/22-07-coulombic-blockade/code/pnp_solver/manager.py", line 40, in get_available_device
    raise KeyError("No available device")
KeyError: 'No available device'

Traceback (most recent call last):
  File "/home/zhenyuwei/simulation_data/22-07-coulombic-blockade/code/pnp_solver/job.py", line 102, in job
    device, job = get_available_device(device_file_path)
  File "/home/zhenyuwei/simulation_data/22-07-coulombic-blockade/code/pnp_solver/manager.py", line 40, in get_available_device
    raise KeyError("No available device")
KeyError: 'No available device'

Traceback (most recent call last):
  File "/home/zhenyuwei/simulation_data/22-07-coulombic-blockade/code/pnp_solver/job.py", line 102, in job
    device, job = get_available_device(device_file_path)
  File "/home/zhenyuwei/simulation_data/22-07-coulombic-blockade/code/pnp_solver/manager.py", line 40, in get_available_device
    raise KeyError("No available device")
KeyError: 'No available device'

Traceback (most recent call last):
  File "/home/zhenyuwei/simulation_data/22-07-coulombic-blockade/code/pnp_solver/job.py", line 102, in job
    device, job = get_available_device(device_file_path)
  File "/home/zhenyuwei/simulation_data/22-07-coulombic-blockade/code/pnp_solver/manager.py", line 40, in get_available_device
    raise KeyError("No available device")
KeyError: 'No available device'

Traceback (most recent call last):
  File "/home/zhenyuwei/simulation_data/22-07-coulombic-blockade/code/pnp_solver/job.py", line 102, in job
    device, job = get_available_device(device_file_path)
  File "/home/zhenyuwei/simulation_data/22-07-coulombic-blockade/code/pnp_solver/manager.py", line 40, in get_available_device
    raise KeyError("No available device")
KeyError: 'No available device'

Traceback (most recent call last):
  File "/home/zhenyuwei/simulation_data/22-07-coulombic-blockade/code/pnp_solver/job.py", line 102, in job
    device, job = get_available_device(device_file_path)
  File "/home/zhenyuwei/simulation_data/22-07-coulombic-blockade/code/pnp_solver/manager.py", line 40, in get_available_device
    raise KeyError("No available device")
KeyError: 'No available device'

Traceback (most recent call last):
  File "/home/zhenyuwei/simulation_data/22-07-coulombic-blockade/code/pnp_solver/job.py", line 102, in job
    device, job = get_available_device(device_file_path)
  File "/home/zhenyuwei/simulation_data/22-07-coulombic-blockade/code/pnp_solver/manager.py", line 40, in get_available_device
    raise KeyError("No available device")
KeyError: 'No available device'

Traceback (most recent call last):
  File "/home/zhenyuwei/simulation_data/22-07-coulombic-blockade/code/pnp_solver/job.py", line 102, in job
    device, job = get_available_device(device_file_path)
  File "/home/zhenyuwei/simulation_data/22-07-coulombic-blockade/code/pnp_solver/manager.py", line 40, in get_available_device
    raise KeyError("No available device")
KeyError: 'No available device'

Traceback (most recent call last):
  File "/home/zhenyuwei/simulation_data/22-07-coulombic-blockade/code/pnp_solver/job.py", line 102, in job
    device, job = get_available_device(device_file_path)
  File "/home/zhenyuwei/simulation_data/22-07-coulombic-blockade/code/pnp_solver/manager.py", line 40, in get_available_device
    raise KeyError("No available device")
KeyError: 'No available device'

Traceback (most recent call last):
  File "/home/zhenyuwei/simulation_data/22-07-coulombic-blockade/code/pnp_solver/job.py", line 102, in job
    device, job = get_available_device(device_file_path)
  File "/home/zhenyuwei/simulation_data/22-07-coulombic-blockade/code/pnp_solver/manager.py", line 40, in get_available_device
    raise KeyError("No available device")
KeyError: 'No available device'

Traceback (most recent call last):
  File "/home/zhenyuwei/simulation_data/22-07-coulombic-blockade/code/pnp_solver/job.py", line 102, in job
    device, job = get_available_device(device_file_path)
  File "/home/zhenyuwei/simulation_data/22-07-coulombic-blockade/code/pnp_solver/manager.py", line 40, in get_available_device
    raise KeyError("No available device")
KeyError: 'No available device'

Traceback (most recent call last):
  File "/home/zhenyuwei/simulation_data/22-07-coulombic-blockade/code/pnp_solver/job.py", line 102, in job
    device, job = get_available_device(device_file_path)
  File "/home/zhenyuwei/simulation_data/22-07-coulombic-blockade/code/pnp_solver/manager.py", line 40, in get_available_device
    raise KeyError("No available device")
KeyError: 'No available device'

None
Traceback (most recent call last):
  File "/home/zhenyuwei/simulation_data/22-07-coulombic-blockade/code/pnp_solver/job.py", line 102, in job
    device, job = get_available_device(device_file_path)
  File "/home/zhenyuwei/simulation_data/22-07-coulombic-blockade/code/pnp_solver/manager.py", line 40, in get_available_device
    raise KeyError("No available device")
KeyError: 'No available device'

None
None
None
None
None
None
None
None
None
None
None
None
None
None
None
None
None
Traceback (most recent call last):
  File "/home/zhenyuwei/simulation_data/22-07-coulombic-blockade/code/pnp_solver/job.py", line 102, in job
    device, job = get_available_device(device_file_path)
  File "/home/zhenyuwei/simulation_data/22-07-coulombic-blockade/code/pnp_solver/manager.py", line 40, in get_available_device
    raise KeyError("No available device")
KeyError: 'No available device'

Traceback (most recent call last):
  File "/home/zhenyuwei/simulation_data/22-07-coulombic-blockade/code/pnp_solver/job.py", line 102, in job
    device, job = get_available_device(device_file_path)
  File "/home/zhenyuwei/simulation_data/22-07-coulombic-blockade/code/pnp_solver/manager.py", line 40, in get_available_device
    raise KeyError("No available device")
KeyError: 'No available device'

Traceback (most recent call last):
  File "/home/zhenyuwei/simulation_data/22-07-coulombic-blockade/code/pnp_solver/job.py", line 102, in job
    device, job = get_available_device(device_file_path)
  File "/home/zhenyuwei/simulation_data/22-07-coulombic-blockade/code/pnp_solver/manager.py", line 40, in get_available_device
    raise KeyError("No available device")
KeyError: 'No available device'

Traceback (most recent call last):
  File "/home/zhenyuwei/simulation_data/22-07-coulombic-blockade/code/pnp_solver/job.py", line 102, in job
    device, job = get_available_device(device_file_path)
  File "/home/zhenyuwei/simulation_data/22-07-coulombic-blockade/code/pnp_solver/manager.py", line 40, in get_available_device
    raise KeyError("No available device")
KeyError: 'No available device'

Traceback (most recent call last):
  File "/home/zhenyuwei/simulation_data/22-07-coulombic-blockade/code/pnp_solver/job.py", line 102, in job
    device, job = get_available_device(device_file_path)
  File "/home/zhenyuwei/simulation_data/22-07-coulombic-blockade/code/pnp_solver/manager.py", line 40, in get_available_device
    raise KeyError("No available device")
KeyError: 'No available device'

Traceback (most recent call last):
  File "/home/zhenyuwei/simulation_data/22-07-coulombic-blockade/code/pnp_solver/job.py", line 102, in job
    device, job = get_available_device(device_file_path)
  File "/home/zhenyuwei/simulation_data/22-07-coulombic-blockade/code/pnp_solver/manager.py", line 40, in get_available_device
    raise KeyError("No available device")
KeyError: 'No available device'

Traceback (most recent call last):
  File "/home/zhenyuwei/simulation_data/22-07-coulombic-blockade/code/pnp_solver/job.py", line 102, in job
    device, job = get_available_device(device_file_path)
  File "/home/zhenyuwei/simulation_data/22-07-coulombic-blockade/code/pnp_solver/manager.py", line 40, in get_available_device
    raise KeyError("No available device")
KeyError: 'No available device'

Traceback (most recent call last):
  File "/home/zhenyuwei/simulation_data/22-07-coulombic-blockade/code/pnp_solver/job.py", line 102, in job
    device, job = get_available_device(device_file_path)
  File "/home/zhenyuwei/simulation_data/22-07-coulombic-blockade/code/pnp_solver/manager.py", line 40, in get_available_device
    raise KeyError("No available device")
KeyError: 'No available device'

Traceback (most recent call last):
  File "/home/zhenyuwei/simulation_data/22-07-coulombic-blockade/code/pnp_solver/job.py", line 102, in job
    device, job = get_available_device(device_file_path)
  File "/home/zhenyuwei/simulation_data/22-07-coulombic-blockade/code/pnp_solver/manager.py", line 40, in get_available_device
    raise KeyError("No available device")
KeyError: 'No available device'

Traceback (most recent call last):
  File "/home/zhenyuwei/simulation_data/22-07-coulombic-blockade/code/pnp_solver/job.py", line 102, in job
    device, job = get_available_device(device_file_path)
  File "/home/zhenyuwei/simulation_data/22-07-coulombic-blockade/code/pnp_solver/manager.py", line 40, in get_available_device
    raise KeyError("No available device")
KeyError: 'No available device'

Traceback (most recent call last):
  File "/home/zhenyuwei/simulation_data/22-07-coulombic-blockade/code/pnp_solver/job.py", line 102, in job
    device, job = get_available_device(device_file_path)
  File "/home/zhenyuwei/simulation_data/22-07-coulombic-blockade/code/pnp_solver/manager.py", line 40, in get_available_device
    raise KeyError("No available device")
KeyError: 'No available device'

Traceback (most recent call last):
  File "/home/zhenyuwei/simulation_data/22-07-coulombic-blockade/code/pnp_solver/job.py", line 102, in job
    device, job = get_available_device(device_file_path)
  File "/home/zhenyuwei/simulation_data/22-07-coulombic-blockade/code/pnp_solver/manager.py", line 40, in get_available_device
    raise KeyError("No available device")
KeyError: 'No available device'

Traceback (most recent call last):
  File "/home/zhenyuwei/simulation_data/22-07-coulombic-blockade/code/pnp_solver/job.py", line 102, in job
    device, job = get_available_device(device_file_path)
  File "/home/zhenyuwei/simulation_data/22-07-coulombic-blockade/code/pnp_solver/manager.py", line 40, in get_available_device
    raise KeyError("No available device")
KeyError: 'No available device'

Traceback (most recent call last):
  File "/home/zhenyuwei/simulation_data/22-07-coulombic-blockade/code/pnp_solver/job.py", line 102, in job
    device, job = get_available_device(device_file_path)
  File "/home/zhenyuwei/simulation_data/22-07-coulombic-blockade/code/pnp_solver/manager.py", line 40, in get_available_device
    raise KeyError("No available device")
KeyError: 'No available device'

Traceback (most recent call last):
  File "/home/zhenyuwei/simulation_data/22-07-coulombic-blockade/code/pnp_solver/job.py", line 102, in job
    device, job = get_available_device(device_file_path)
  File "/home/zhenyuwei/simulation_data/22-07-coulombic-blockade/code/pnp_solver/manager.py", line 40, in get_available_device
    raise KeyError("No available device")
KeyError: 'No available device'

Traceback (most recent call last):
  File "/home/zhenyuwei/simulation_data/22-07-coulombic-blockade/code/pnp_solver/job.py", line 102, in job
    device, job = get_available_device(device_file_path)
  File "/home/zhenyuwei/simulation_data/22-07-coulombic-blockade/code/pnp_solver/manager.py", line 40, in get_available_device
    raise KeyError("No available device")
KeyError: 'No available device'

Traceback (most recent call last):
  File "/home/zhenyuwei/simulation_data/22-07-coulombic-blockade/code/pnp_solver/job.py", line 102, in job
    device, job = get_available_device(device_file_path)
  File "/home/zhenyuwei/simulation_data/22-07-coulombic-blockade/code/pnp_solver/manager.py", line 40, in get_available_device
    raise KeyError("No available device")
KeyError: 'No available device'

Traceback (most recent call last):
  File "/home/zhenyuwei/simulation_data/22-07-coulombic-blockade/code/pnp_solver/job.py", line 102, in job
    device, job = get_available_device(device_file_path)
  File "/home/zhenyuwei/simulation_data/22-07-coulombic-blockade/code/pnp_solver/manager.py", line 40, in get_available_device
    raise KeyError("No available device")
KeyError: 'No available device'

Traceback (most recent call last):
  File "/home/zhenyuwei/simulation_data/22-07-coulombic-blockade/code/pnp_solver/job.py", line 102, in job
    device, job = get_available_device(device_file_path)
  File "/home/zhenyuwei/simulation_data/22-07-coulombic-blockade/code/pnp_solver/manager.py", line 40, in get_available_device
    raise KeyError("No available device")
KeyError: 'No available device'

Traceback (most recent call last):
  File "/home/zhenyuwei/simulation_data/22-07-coulombic-blockade/code/pnp_solver/job.py", line 102, in job
    device, job = get_available_device(device_file_path)
  File "/home/zhenyuwei/simulation_data/22-07-coulombic-blockade/code/pnp_solver/manager.py", line 40, in get_available_device
    raise KeyError("No available device")
KeyError: 'No available device'

Traceback (most recent call last):
  File "/home/zhenyuwei/simulation_data/22-07-coulombic-blockade/code/pnp_solver/job.py", line 102, in job
    device, job = get_available_device(device_file_path)
  File "/home/zhenyuwei/simulation_data/22-07-coulombic-blockade/code/pnp_solver/manager.py", line 40, in get_available_device
    raise KeyError("No available device")
KeyError: 'No available device'

Traceback (most recent call last):
  File "/home/zhenyuwei/simulation_data/22-07-coulombic-blockade/code/pnp_solver/job.py", line 102, in job
    device, job = get_available_device(device_file_path)
  File "/home/zhenyuwei/simulation_data/22-07-coulombic-blockade/code/pnp_solver/manager.py", line 40, in get_available_device
    raise KeyError("No available device")
KeyError: 'No available device'

Traceback (most recent call last):
  File "/home/zhenyuwei/simulation_data/22-07-coulombic-blockade/code/pnp_solver/job.py", line 102, in job
    device, job = get_available_device(device_file_path)
  File "/home/zhenyuwei/simulation_data/22-07-coulombic-blockade/code/pnp_solver/manager.py", line 40, in get_available_device
    raise KeyError("No available device")
KeyError: 'No available device'

Traceback (most recent call last):
  File "/home/zhenyuwei/simulation_data/22-07-coulombic-blockade/code/pnp_solver/job.py", line 102, in job
    device, job = get_available_device(device_file_path)
  File "/home/zhenyuwei/simulation_data/22-07-coulombic-blockade/code/pnp_solver/manager.py", line 40, in get_available_device
    raise KeyError("No available device")
KeyError: 'No available device'

Traceback (most recent call last):
  File "/home/zhenyuwei/simulation_data/22-07-coulombic-blockade/code/pnp_solver/job.py", line 102, in job
    device, job = get_available_device(device_file_path)
  File "/home/zhenyuwei/simulation_data/22-07-coulombic-blockade/code/pnp_solver/manager.py", line 40, in get_available_device
    raise KeyError("No available device")
KeyError: 'No available device'

Traceback (most recent call last):
  File "/home/zhenyuwei/simulation_data/22-07-coulombic-blockade/code/pnp_solver/job.py", line 102, in job
    device, job = get_available_device(device_file_path)
  File "/home/zhenyuwei/simulation_data/22-07-coulombic-blockade/code/pnp_solver/manager.py", line 40, in get_available_device
    raise KeyError("No available device")
KeyError: 'No available device'

Traceback (most recent call last):
  File "/home/zhenyuwei/simulation_data/22-07-coulombic-blockade/code/pnp_solver/job.py", line 102, in job
    device, job = get_available_device(device_file_path)
  File "/home/zhenyuwei/simulation_data/22-07-coulombic-blockade/code/pnp_solver/manager.py", line 40, in get_available_device
    raise KeyError("No available device")
KeyError: 'No available device'

Traceback (most recent call last):
  File "/home/zhenyuwei/simulation_data/22-07-coulombic-blockade/code/pnp_solver/job.py", line 102, in job
    device, job = get_available_device(device_file_path)
  File "/home/zhenyuwei/simulation_data/22-07-coulombic-blockade/code/pnp_solver/manager.py", line 40, in get_available_device
    raise KeyError("No available device")
KeyError: 'No available device'

Traceback (most recent call last):
  File "/home/zhenyuwei/simulation_data/22-07-coulombic-blockade/code/pnp_solver/job.py", line 102, in job
    device, job = get_available_device(device_file_path)
  File "/home/zhenyuwei/simulation_data/22-07-coulombic-blockade/code/pnp_solver/manager.py", line 40, in get_available_device
    raise KeyError("No available device")
KeyError: 'No available device'

Traceback (most recent call last):
  File "/home/zhenyuwei/simulation_data/22-07-coulombic-blockade/code/pnp_solver/job.py", line 102, in job
    device, job = get_available_device(device_file_path)
  File "/home/zhenyuwei/simulation_data/22-07-coulombic-blockade/code/pnp_solver/manager.py", line 40, in get_available_device
    raise KeyError("No available device")
KeyError: 'No available device'

Traceback (most recent call last):
  File "/home/zhenyuwei/simulation_data/22-07-coulombic-blockade/code/pnp_solver/job.py", line 102, in job
    device, job = get_available_device(device_file_path)
  File "/home/zhenyuwei/simulation_data/22-07-coulombic-blockade/code/pnp_solver/manager.py", line 40, in get_available_device
    raise KeyError("No available device")
KeyError: 'No available device'

Traceback (most recent call last):
  File "/home/zhenyuwei/simulation_data/22-07-coulombic-blockade/code/pnp_solver/job.py", line 102, in job
    device, job = get_available_device(device_file_path)
  File "/home/zhenyuwei/simulation_data/22-07-coulombic-blockade/code/pnp_solver/manager.py", line 40, in get_available_device
    raise KeyError("No available device")
KeyError: 'No available device'

Traceback (most recent call last):
  File "/home/zhenyuwei/simulation_data/22-07-coulombic-blockade/code/pnp_solver/job.py", line 102, in job
    device, job = get_available_device(device_file_path)
  File "/home/zhenyuwei/simulation_data/22-07-coulombic-blockade/code/pnp_solver/manager.py", line 40, in get_available_device
    raise KeyError("No available device")
KeyError: 'No available device'

Traceback (most recent call last):
  File "/home/zhenyuwei/simulation_data/22-07-coulombic-blockade/code/pnp_solver/job.py", line 102, in job
    device, job = get_available_device(device_file_path)
  File "/home/zhenyuwei/simulation_data/22-07-coulombic-blockade/code/pnp_solver/manager.py", line 40, in get_available_device
    raise KeyError("No available device")
KeyError: 'No available device'

Traceback (most recent call last):
  File "/home/zhenyuwei/simulation_data/22-07-coulombic-blockade/code/pnp_solver/job.py", line 102, in job
    device, job = get_available_device(device_file_path)
  File "/home/zhenyuwei/simulation_data/22-07-coulombic-blockade/code/pnp_solver/manager.py", line 40, in get_available_device
    raise KeyError("No available device")
KeyError: 'No available device'

Traceback (most recent call last):
  File "/home/zhenyuwei/simulation_data/22-07-coulombic-blockade/code/pnp_solver/job.py", line 102, in job
    device, job = get_available_device(device_file_path)
  File "/home/zhenyuwei/simulation_data/22-07-coulombic-blockade/code/pnp_solver/manager.py", line 40, in get_available_device
    raise KeyError("No available device")
KeyError: 'No available device'

Traceback (most recent call last):
  File "/home/zhenyuwei/simulation_data/22-07-coulombic-blockade/code/pnp_solver/job.py", line 102, in job
    device, job = get_available_device(device_file_path)
  File "/home/zhenyuwei/simulation_data/22-07-coulombic-blockade/code/pnp_solver/manager.py", line 40, in get_available_device
    raise KeyError("No available device")
KeyError: 'No available device'

Traceback (most recent call last):
  File "/home/zhenyuwei/simulation_data/22-07-coulombic-blockade/code/pnp_solver/job.py", line 102, in job
    device, job = get_available_device(device_file_path)
  File "/home/zhenyuwei/simulation_data/22-07-coulombic-blockade/code/pnp_solver/manager.py", line 40, in get_available_device
    raise KeyError("No available device")
KeyError: 'No available device'

/home/zhenyuwei/simulation_data/22-07-coulombic-blockade/code/pnp_solver/out/voltage-range/r0-20.0000A-l0-250.0000A-w0-100.0000A/-25.0000V/job.json
/home/zhenyuwei/simulation_data/22-07-coulombic-blockade/code/pnp_solver/out/voltage-range/r0-20.0000A-l0-250.0000A-w0-100.0000A/-23.9796V/job.json
/home/zhenyuwei/simulation_data/22-07-coulombic-blockade/code/pnp_solver/out/voltage-range/r0-20.0000A-l0-250.0000A-w0-100.0000A/-22.9592V/job.json
/home/zhenyuwei/simulation_data/22-07-coulombic-blockade/code/pnp_solver/out/voltage-range/r0-20.0000A-l0-250.0000A-w0-100.0000A/-21.9388V/job.json
/home/zhenyuwei/simulation_data/22-07-coulombic-blockade/code/pnp_solver/out/voltage-range/r0-20.0000A-l0-250.0000A-w0-100.0000A/-20.9184V/job.json
/home/zhenyuwei/simulation_data/22-07-coulombic-blockade/code/pnp_solver/out/voltage-range/r0-20.0000A-l0-250.0000A-w0-100.0000A/-19.8980V/job.json
/home/zhenyuwei/simulation_data/22-07-coulombic-blockade/code/pnp_solver/out/voltage-range/r0-20.0000A-l0-250.0000A-w0-100.0000A/-18.8776V/job.json
/home/zhenyuwei/simulation_data/22-07-coulombic-blockade/code/pnp_solver/out/voltage-range/r0-20.0000A-l0-250.0000A-w0-100.0000A/-17.8571V/job.json
/home/zhenyuwei/simulation_data/22-07-coulombic-blockade/code/pnp_solver/out/voltage-range/r0-20.0000A-l0-250.0000A-w0-100.0000A/-16.8367V/job.json
/home/zhenyuwei/simulation_data/22-07-coulombic-blockade/code/pnp_solver/out/voltage-range/r0-20.0000A-l0-250.0000A-w0-100.0000A/-15.8163V/job.json
/home/zhenyuwei/simulation_data/22-07-coulombic-blockade/code/pnp_solver/out/voltage-range/r0-20.0000A-l0-250.0000A-w0-100.0000A/-14.7959V/job.json
/home/zhenyuwei/simulation_data/22-07-coulombic-blockade/code/pnp_solver/out/voltage-range/r0-20.0000A-l0-250.0000A-w0-100.0000A/-13.7755V/job.json
/home/zhenyuwei/simulation_data/22-07-coulombic-blockade/code/pnp_solver/out/voltage-range/r0-20.0000A-l0-250.0000A-w0-100.0000A/-12.7551V/job.json
/home/zhenyuwei/simulation_data/22-07-coulombic-blockade/code/pnp_solver/out/voltage-range/r0-20.0000A-l0-250.0000A-w0-100.0000A/-11.7347V/job.json
/home/zhenyuwei/simulation_data/22-07-coulombic-blockade/code/pnp_solver/out/voltage-range/r0-20.0000A-l0-250.0000A-w0-100.0000A/-10.7143V/job.json
/home/zhenyuwei/simulation_data/22-07-coulombic-blockade/code/pnp_solver/out/voltage-range/r0-20.0000A-l0-250.0000A-w0-100.0000A/-9.6939V/job.json
/home/zhenyuwei/simulation_data/22-07-coulombic-blockade/code/pnp_solver/out/voltage-range/r0-20.0000A-l0-250.0000A-w0-100.0000A/-8.6735V/job.json
/home/zhenyuwei/simulation_data/22-07-coulombic-blockade/code/pnp_solver/out/voltage-range/r0-20.0000A-l0-250.0000A-w0-100.0000A/-7.6531V/job.json
/home/zhenyuwei/simulation_data/22-07-coulombic-blockade/code/pnp_solver/out/voltage-range/r0-20.0000A-l0-250.0000A-w0-100.0000A/-6.6327V/job.json
/home/zhenyuwei/simulation_data/22-07-coulombic-blockade/code/pnp_solver/out/voltage-range/r0-20.0000A-l0-250.0000A-w0-100.0000A/-5.6122V/job.json
/home/zhenyuwei/simulation_data/22-07-coulombic-blockade/code/pnp_solver/out/voltage-range/r0-20.0000A-l0-250.0000A-w0-100.0000A/-4.5918V/job.json
/home/zhenyuwei/simulation_data/22-07-coulombic-blockade/code/pnp_solver/out/voltage-range/r0-20.0000A-l0-250.0000A-w0-100.0000A/-3.5714V/job.json
/home/zhenyuwei/simulation_data/22-07-coulombic-blockade/code/pnp_solver/out/voltage-range/r0-20.0000A-l0-250.0000A-w0-100.0000A/-2.5510V/job.json
/home/zhenyuwei/simulation_data/22-07-coulombic-blockade/code/pnp_solver/out/voltage-range/r0-20.0000A-l0-250.0000A-w0-100.0000A/-1.5306V/job.json
/home/zhenyuwei/simulation_data/22-07-coulombic-blockade/code/pnp_solver/out/voltage-range/r0-20.0000A-l0-250.0000A-w0-100.0000A/-0.5102V/job.json
/home/zhenyuwei/simulation_data/22-07-coulombic-blockade/code/pnp_solver/out/voltage-range/r0-20.0000A-l0-250.0000A-w0-100.0000A/0.5102V/job.json
/home/zhenyuwei/simulation_data/22-07-coulombic-blockade/code/pnp_solver/out/voltage-range/r0-20.0000A-l0-250.0000A-w0-100.0000A/1.5306V/job.json
/home/zhenyuwei/simulation_data/22-07-coulombic-blockade/code/pnp_solver/out/voltage-range/r0-20.0000A-l0-250.0000A-w0-100.0000A/2.5510V/job.json
/home/zhenyuwei/simulation_data/22-07-coulombic-blockade/code/pnp_solver/out/voltage-range/r0-20.0000A-l0-250.0000A-w0-100.0000A/3.5714V/job.json
/home/zhenyuwei/simulation_data/22-07-coulombic-blockade/code/pnp_solver/out/voltage-range/r0-20.0000A-l0-250.0000A-w0-100.0000A/4.5918V/job.json
/home/zhenyuwei/simulation_data/22-07-coulombic-blockade/code/pnp_solver/out/voltage-range/r0-20.0000A-l0-250.0000A-w0-100.0000A/5.6122V/job.json
/home/zhenyuwei/simulation_data/22-07-coulombic-blockade/code/pnp_solver/out/voltage-range/r0-20.0000A-l0-250.0000A-w0-100.0000A/6.6327V/job.json
/home/zhenyuwei/simulation_data/22-07-coulombic-blockade/code/pnp_solver/out/voltage-range/r0-20.0000A-l0-250.0000A-w0-100.0000A/7.6531V/job.json
/home/zhenyuwei/simulation_data/22-07-coulombic-blockade/code/pnp_solver/out/voltage-range/r0-20.0000A-l0-250.0000A-w0-100.0000A/8.6735V/job.json
/home/zhenyuwei/simulation_data/22-07-coulombic-blockade/code/pnp_solver/out/voltage-range/r0-20.0000A-l0-250.0000A-w0-100.0000A/9.6939V/job.json
/home/zhenyuwei/simulation_data/22-07-coulombic-blockade/code/pnp_solver/out/voltage-range/r0-20.0000A-l0-250.0000A-w0-100.0000A/10.7143V/job.json
/home/zhenyuwei/simulation_data/22-07-coulombic-blockade/code/pnp_solver/out/voltage-range/r0-20.0000A-l0-250.0000A-w0-100.0000A/11.7347V/job.json
/home/zhenyuwei/simulation_data/22-07-coulombic-blockade/code/pnp_solver/out/voltage-range/r0-20.0000A-l0-250.0000A-w0-100.0000A/12.7551V/job.json
/home/zhenyuwei/simulation_data/22-07-coulombic-blockade/code/pnp_solver/out/voltage-range/r0-20.0000A-l0-250.0000A-w0-100.0000A/13.7755V/job.json
/home/zhenyuwei/simulation_data/22-07-coulombic-blockade/code/pnp_solver/out/voltage-range/r0-20.0000A-l0-250.0000A-w0-100.0000A/14.7959V/job.json
/home/zhenyuwei/simulation_data/22-07-coulombic-blockade/code/pnp_solver/out/voltage-range/r0-20.0000A-l0-250.0000A-w0-100.0000A/15.8163V/job.json
/home/zhenyuwei/simulation_data/22-07-coulombic-blockade/code/pnp_solver/out/voltage-range/r0-20.0000A-l0-250.0000A-w0-100.0000A/16.8367V/job.json
/home/zhenyuwei/simulation_data/22-07-coulombic-blockade/code/pnp_solver/out/voltage-range/r0-20.0000A-l0-250.0000A-w0-100.0000A/17.8571V/job.json
/home/zhenyuwei/simulation_data/22-07-coulombic-blockade/code/pnp_solver/out/voltage-range/r0-20.0000A-l0-250.0000A-w0-100.0000A/18.8776V/job.json
/home/zhenyuwei/simulation_data/22-07-coulombic-blockade/code/pnp_solver/out/voltage-range/r0-20.0000A-l0-250.0000A-w0-100.0000A/19.8980V/job.json
/home/zhenyuwei/simulation_data/22-07-coulombic-blockade/code/pnp_solver/out/voltage-range/r0-20.0000A-l0-250.0000A-w0-100.0000A/20.9184V/job.json
/home/zhenyuwei/simulation_data/22-07-coulombic-blockade/code/pnp_solver/out/voltage-range/r0-20.0000A-l0-250.0000A-w0-100.0000A/21.9388V/job.json
/home/zhenyuwei/simulation_data/22-07-coulombic-blockade/code/pnp_solver/out/voltage-range/r0-20.0000A-l0-250.0000A-w0-100.0000A/22.9592V/job.json
/home/zhenyuwei/simulation_data/22-07-coulombic-blockade/code/pnp_solver/out/voltage-range/r0-20.0000A-l0-250.0000A-w0-100.0000A/23.9796V/job.json
/home/zhenyuwei/simulation_data/22-07-coulombic-blockade/code/pnp_solver/out/voltage-range/r0-20.0000A-l0-250.0000A-w0-100.0000A/25.0000V/job.json
None
None
None
None
None
None
None
None
None
None
None
None
None
None
None
None
None
None
None
None
None
None
None
None
None
None
None
None
None
None
None
None
None
None
None
Traceback (most recent call last):
  File "/home/zhenyuwei/simulation_data/22-07-coulombic-blockade/code/pnp_solver/job.py", line 102, in job
    device, job = get_available_device(device_file_path)
  File "/home/zhenyuwei/simulation_data/22-07-coulombic-blockade/code/pnp_solver/manager.py", line 31, in get_available_device
    with h5py.File(file_path, "r") as f:
  File "/home/zhenyuwei/Programs/anaconda3/envs/mdpy/lib/python3.9/site-packages/h5py/_hl/files.py", line 507, in __init__
    fid = make_fid(name, mode, userblock_size, fapl, fcpl, swmr=swmr)
  File "/home/zhenyuwei/Programs/anaconda3/envs/mdpy/lib/python3.9/site-packages/h5py/_hl/files.py", line 220, in make_fid
    fid = h5f.open(name, flags, fapl=fapl)
  File "h5py/_objects.pyx", line 54, in h5py._objects.with_phil.wrapper
  File "h5py/_objects.pyx", line 55, in h5py._objects.with_phil.wrapper
  File "h5py/h5f.pyx", line 106, in h5py.h5f.open
BlockingIOError: [Errno 11] Unable to open file (unable to lock file, errno = 11, error message = 'Resource temporarily unavailable')

None
None
None
None
None
None
None
None
None
None
None
None
None
None
Finish -25.0000V
Finish -23.9796V
Finish -22.9592V
Finish -21.9388V
Finish -20.9184V
Finish -19.8980V
Finish -18.8776V
Finish -17.8571V
Finish -16.8367V
Finish -15.8163V
Finish -14.7959V
Finish -13.7755V
Finish -12.7551V
Finish -11.7347V
Finish -10.7143V
Finish -10.0000V
Finish -9.6939V
Finish -9.4872V
Finish -9.0909V
Finish -8.9744V
Finish -8.6735V
Finish -8.4615V
Finish -7.9487V
Finish -7.6531V
Finish -7.4359V
Finish -7.0707V
Finish -6.9231V
Finish -6.6327V
Finish -6.4103V
Finish -5.8974V
Finish -5.6122V
Finish -5.3846V
Finish -5.0505V
Finish -4.8718V
Finish -4.5918V
Finish -4.3590V
Finish -3.8462V
Finish -3.5714V
Finish -3.3333V
Finish -3.0303V
Finish -2.8205V
Finish -2.5510V
Finish -2.3077V
Finish -1.7949V
Finish -1.5306V
Finish -1.2821V
Finish -1.0101V
Finish -0.7692V
Finish -0.5102V
Finish -0.2564V
Finish 0.2564V
Finish 0.5102V
Finish 0.7692V
Finish 1.0101V
Finish 1.2821V
Finish 1.5306V
Finish 1.7949V
Finish 2.3077V
Finish 2.5510V
Finish 2.8205V
Finish 3.0303V
Finish 3.3333V
Finish 3.5714V
Finish 3.8462V
Finish 4.3590V
Finish 4.5918V
Finish 4.8718V
Finish 5.0505V
Finish 5.3846V
Finish 5.6122V
Finish 5.8974V
Finish 6.4103V
Finish 6.6327V
Finish 6.9231V
Finish 7.0707V
Finish 7.4359V
Finish 7.6531V
Finish 7.9487V
Finish 8.4615V
Finish 8.6735V
Finish 8.9744V
Finish 9.0909V
Finish 9.4872V
Finish 9.6939V
Finish 10.0000V
Finish 10.7143V
Finish 11.7347V
Finish 12.7551V
Finish 13.7755V
Finish 14.7959V
Finish 16.8367V
Finish 17.8571V
Finish 18.8776V
Finish 19.8980V
Finish 20.9184V
Finish 21.9388V
Finish 22.9592V
Finish 23.9796V
Finish 25.0000V
